TN:
SF:src/db.js
FN:1,_regeneratorRuntime
FN:2,_regeneratorRuntime
FN:7,(anonymous_59)
FN:7,_callee
FN:7,_callee$
FN:7,getUserByUsername
FNF:6
FNH:6
FNDA:1,_regeneratorRuntime
FNDA:82,_regeneratorRuntime
FNDA:1,(anonymous_59)
FNDA:2,_callee
FNDA:8,_callee$
FNDA:2,getUserByUsername
DA:1,1
DA:2,271
DA:3,1
DA:7,18
DA:8,2
DA:12,2
DA:14,2
DA:16,2
DA:18,2
DA:19,1
LF:10
LH:10
BRDA:2,0,0,36
BRDA:2,0,1,39
BRDA:2,1,0,1
BRDA:2,1,1,1
BRDA:2,1,2,1
BRDA:2,1,3,1
BRDA:2,2,0,12
BRDA:2,3,0,4
BRDA:2,3,1,0
BRDA:2,3,2,0
BRDA:2,4,0,0
BRDA:2,4,1,0
BRDA:2,4,2,0
BRDA:2,4,3,0
BRDA:2,4,4,0
BRDA:2,5,0,4
BRDA:2,5,1,0
BRDA:2,5,2,0
BRDA:2,5,3,0
BRDA:2,5,4,0
BRDA:2,5,5,0
BRDA:3,6,0,1
BRDA:3,6,1,0
BRDA:7,7,0,2
BRDA:7,7,1,2
BRDA:7,7,2,2
BRDA:7,7,3,0
BRDA:7,7,4,2
BRF:28
BRH:14
end_of_record
TN:
SF:src/mocha-setup.js
FN:4,_interopRequireDefault
FNF:1
FNH:1
FNDA:2,_interopRequireDefault
DA:1,1
DA:3,1
DA:4,2
DA:6,1
LF:4
LH:4
BRDA:4,0,0,2
BRDA:4,0,1,4
BRF:2
BRH:2
end_of_record
TN:
SF:src/server.js
FN:2,_interopRequireDefault
FN:2,_regeneratorRuntime
FN:7,(anonymous_60)
FN:7,_callee
FN:7,_callee$
FN:20,(anonymous_63)
FNF:6
FNH:6
FNDA:3,_interopRequireDefault
FNDA:87,_regeneratorRuntime
FNDA:1,(anonymous_60)
FNDA:3,_callee
FNDA:6,_callee$
FNDA:3,(anonymous_63)
DA:1,1
DA:2,263
DA:5,1
DA:7,17
DA:8,6
DA:10,2
DA:11,2
DA:12,1
DA:14,1
DA:15,6
DA:17,3
DA:20,4
LF:12
LH:12
BRDA:2,0,0,3
BRDA:2,0,1,3
BRDA:2,1,0,46
BRDA:2,1,1,22
BRDA:2,2,0,1
BRDA:2,2,1,1
BRDA:2,2,2,1
BRDA:2,2,3,1
BRDA:2,3,0,11
BRDA:2,4,0,0
BRDA:2,4,1,0
BRDA:2,4,2,0
BRDA:2,5,0,0
BRDA:2,5,1,0
BRDA:2,5,2,0
BRDA:2,5,3,0
BRDA:2,5,4,0
BRDA:2,6,0,0
BRDA:2,6,1,0
BRDA:2,6,2,0
BRDA:2,6,3,0
BRDA:2,6,4,0
BRDA:2,6,5,0
BRDA:7,7,0,3
BRDA:7,7,1,2
BRDA:7,7,2,1
BRDA:7,7,3,3
BRDA:7,7,4,3
BRDA:11,8,0,1
BRDA:11,8,1,1
BRF:30
BRH:16
end_of_record
TN:
SF:src/test-helpers.js
FN:1,_regeneratorRuntime
FN:2,_regeneratorRuntime
FN:3,(anonymous_59)
FN:3,_callee
FN:3,_callee$
FN:3,setDatabaseData
FN:15,(anonymous_63)
FN:15,_callee2
FN:15,_callee2$
FN:15,getDatabaseData
FN:30,(anonymous_67)
FN:30,_callee3
FN:30,resetDatabase
FNF:13
FNH:13
FNDA:1,_regeneratorRuntime
FNDA:184,_regeneratorRuntime
FNDA:1,(anonymous_59)
FNDA:2,_callee
FNDA:6,_callee$
FNDA:2,setDatabaseData
FNDA:1,(anonymous_63)
FNDA:2,_callee2
FNDA:8,_callee2$
FNDA:2,getDatabaseData
FNDA:1,(anonymous_67)
FNDA:8,_callee3
FNDA:2,resetDatabase
DA:1,1
DA:2,597
DA:3,14
DA:4,2
DA:8,2
DA:12,2
DA:13,1
DA:15,18
DA:16,2
DA:20,2
DA:22,2
DA:24,2
DA:26,2
DA:28,1
DA:30,14
DA:31,2
DA:35,2
DA:39,2
DA:41,1
LF:19
LH:19
BRDA:2,0,0,74
BRDA:2,0,1,67
BRDA:2,1,0,1
BRDA:2,1,1,1
BRDA:2,1,2,1
BRDA:2,1,3,1
BRDA:2,2,0,24
BRDA:2,3,0,4
BRDA:2,3,1,0
BRDA:2,3,2,0
BRDA:2,4,0,0
BRDA:2,4,1,0
BRDA:2,4,2,0
BRDA:2,4,3,0
BRDA:2,4,4,0
BRDA:2,5,0,4
BRDA:2,5,1,0
BRDA:2,5,2,0
BRDA:2,5,3,0
BRDA:2,5,4,0
BRDA:2,5,5,0
BRDA:3,6,0,2
BRDA:3,6,1,2
BRDA:3,6,2,2
BRDA:3,6,3,2
BRDA:3,6,4,2
BRDA:15,7,0,2
BRDA:15,7,1,2
BRDA:15,7,2,2
BRDA:15,7,3,0
BRDA:15,7,4,2
BRDA:30,8,0,2
BRDA:30,8,1,2
BRDA:30,8,2,2
BRDA:30,8,3,2
BRDA:30,8,4,2
BRF:36
BRH:23
end_of_record
