{"/Users/john.hancock/Desktop/training/test-driven-development/tdd-server-integration-testing/src/mocha-setup.js":{"path":"/Users/john.hancock/Desktop/training/test-driven-development/tdd-server-integration-testing/src/mocha-setup.js","statementMap":{"0":{"start":{"line":3,"column":0},"end":{"line":3,"column":39}},"1":{"start":{"line":4,"column":12},"end":{"line":4,"column":51}},"2":{"start":{"line":5,"column":19},"end":{"line":5,"column":66}},"3":{"start":{"line":6,"column":37},"end":{"line":6,"column":85}},"4":{"start":{"line":7,"column":0},"end":{"line":7,"column":46}}},"fnMap":{"0":{"name":"_interopRequireDefault","decl":{"start":{"line":6,"column":9},"end":{"line":6,"column":31}},"loc":{"start":{"line":6,"column":35},"end":{"line":6,"column":87}},"line":6}},"branchMap":{"0":{"loc":{"start":{"line":6,"column":44},"end":{"line":6,"column":84}},"type":"cond-expr","locations":[{"start":{"line":6,"column":64},"end":{"line":6,"column":65}},{"start":{"line":6,"column":68},"end":{"line":6,"column":84}}],"line":6},"1":{"loc":{"start":{"line":6,"column":44},"end":{"line":6,"column":61}},"type":"binary-expr","locations":[{"start":{"line":6,"column":44},"end":{"line":6,"column":45}},{"start":{"line":6,"column":49},"end":{"line":6,"column":61}}],"line":6}},"s":{"0":1,"1":1,"2":1,"3":2,"4":1},"f":{"0":2},"b":{"0":[0,2],"1":[2,2]},"inputSourceMap":{"version":3,"names":["require","_chai","_interopRequireDefault","_chaiExclude","e","__esModule","chai","use","chaiExclude"],"sourceRoot":"/Users/john.hancock/Desktop/training/test-driven-development/tdd-server-integration-testing/src/","sources":["mocha-setup.js"],"sourcesContent":["import 'regenerator-runtime/runtime';\n\nimport chai from 'chai';\nimport chaiExclude from 'chai-exclude';\n\nchai.use(chaiExclude);"],"mappings":";;AAAAA,OAAA;AAEA,IAAAC,KAAA,GAAAC,sBAAA,CAAAF,OAAA;AACA,IAAAG,YAAA,GAAAD,sBAAA,CAAAF,OAAA;AAAuC,SAAAE,uBAAAE,CAAA,WAAAA,CAAA,IAAAA,CAAA,CAAAC,UAAA,GAAAD,CAAA,gBAAAA,CAAA;AAEvCE,gBAAI,CAACC,GAAG,CAACC,uBAAW,CAAC","ignoreList":[]},"_coverageSchema":"1a1c01bbd47fc00a2c39e90264f33305004495a9","hash":"05259d09c86df63b6223414b3b7a6a7f9d9cc4bb","contentHash":"606a4ecfc74ee3921fc1b49f7ce00d9fcdf981bcfa51e73f71d16e4377fbd0d5"},"/Users/john.hancock/Desktop/training/test-driven-development/tdd-server-integration-testing/src/db.js":{"path":"/Users/john.hancock/Desktop/training/test-driven-development/tdd-server-integration-testing/src/db.js","statementMap":{"0":{"start":{"line":3,"column":49},"end":{"line":3,"column":316}},"1":{"start":{"line":3,"column":149},"end":{"line":3,"column":165}},"2":{"start":{"line":3,"column":185},"end":{"line":3,"column":301}},"3":{"start":{"line":4,"column":0},"end":{"line":6,"column":3}},"4":{"start":{"line":7,"column":0},"end":{"line":7,"column":56}},"5":{"start":{"line":8,"column":15},"end":{"line":8,"column":33}},"6":{"start":{"line":9,"column":196},"end":{"line":9,"column":263}},"7":{"start":{"line":9,"column":251},"end":{"line":9,"column":260}},"8":{"start":{"line":9,"column":275},"end":{"line":9,"column":277}},"9":{"start":{"line":9,"column":283},"end":{"line":9,"column":299}},"10":{"start":{"line":9,"column":305},"end":{"line":9,"column":321}},"11":{"start":{"line":9,"column":327},"end":{"line":9,"column":390}},"12":{"start":{"line":9,"column":373},"end":{"line":9,"column":388}},"13":{"start":{"line":9,"column":396},"end":{"line":9,"column":437}},"14":{"start":{"line":9,"column":443},"end":{"line":9,"column":469}},"15":{"start":{"line":9,"column":475},"end":{"line":9,"column":511}},"16":{"start":{"line":9,"column":517},"end":{"line":9,"column":549}},"17":{"start":{"line":9,"column":578},"end":{"line":9,"column":681}},"18":{"start":{"line":9,"column":684},"end":{"line":9,"column":777}},"19":{"start":{"line":9,"column":690},"end":{"line":9,"column":705}},"20":{"start":{"line":9,"column":720},"end":{"line":9,"column":775}},"21":{"start":{"line":9,"column":756},"end":{"line":9,"column":772}},"22":{"start":{"line":9,"column":814},"end":{"line":9,"column":867}},"23":{"start":{"line":9,"column":873},"end":{"line":9,"column":899}},"24":{"start":{"line":9,"column":905},"end":{"line":9,"column":925}},"25":{"start":{"line":9,"column":927},"end":{"line":9,"column":991}},"26":{"start":{"line":9,"column":1023},"end":{"line":9,"column":1124}},"27":{"start":{"line":9,"column":1029},"end":{"line":9,"column":1074}},"28":{"start":{"line":9,"column":1089},"end":{"line":9,"column":1122}},"29":{"start":{"line":9,"column":1127},"end":{"line":9,"column":1141}},"30":{"start":{"line":9,"column":1150},"end":{"line":9,"column":1166}},"31":{"start":{"line":9,"column":1172},"end":{"line":9,"column":1188}},"32":{"start":{"line":9,"column":1194},"end":{"line":9,"column":1205}},"33":{"start":{"line":9,"column":1211},"end":{"line":9,"column":1222}},"34":{"start":{"line":9,"column":1228},"end":{"line":9,"column":1230}},"35":{"start":{"line":9,"column":1337},"end":{"line":9,"column":1339}},"36":{"start":{"line":9,"column":1341},"end":{"line":9,"column":1384}},"37":{"start":{"line":9,"column":1368},"end":{"line":9,"column":1380}},"38":{"start":{"line":9,"column":1393},"end":{"line":9,"column":1414}},"39":{"start":{"line":9,"column":1420},"end":{"line":9,"column":1441}},"40":{"start":{"line":9,"column":1443},"end":{"line":9,"column":1483}},"41":{"start":{"line":9,"column":1492},"end":{"line":9,"column":1569}},"42":{"start":{"line":9,"column":1607},"end":{"line":9,"column":1720}},"43":{"start":{"line":9,"column":1658},"end":{"line":9,"column":1716}},"44":{"start":{"line":9,"column":1686},"end":{"line":9,"column":1712}},"45":{"start":{"line":9,"column":1792},"end":{"line":9,"column":1812}},"46":{"start":{"line":9,"column":1814},"end":{"line":9,"column":2152}},"47":{"start":{"line":9,"column":1848},"end":{"line":9,"column":1853}},"48":{"start":{"line":9,"column":1859},"end":{"line":9,"column":1866}},"49":{"start":{"line":9,"column":1868},"end":{"line":9,"column":2150}},"50":{"start":{"line":9,"column":1970},"end":{"line":9,"column":1994}},"51":{"start":{"line":9,"column":2013},"end":{"line":9,"column":2038}},"52":{"start":{"line":9,"column":2077},"end":{"line":9,"column":2095}},"53":{"start":{"line":9,"column":2114},"end":{"line":9,"column":2146}},"54":{"start":{"line":9,"column":2153},"end":{"line":9,"column":2162}},"55":{"start":{"line":9,"column":2172},"end":{"line":9,"column":2435}},"56":{"start":{"line":9,"column":2263},"end":{"line":9,"column":2317}},"57":{"start":{"line":9,"column":2294},"end":{"line":9,"column":2313}},"58":{"start":{"line":9,"column":2320},"end":{"line":9,"column":2429}},"59":{"start":{"line":9,"column":2483},"end":{"line":9,"column":2484}},"60":{"start":{"line":9,"column":2486},"end":{"line":9,"column":3211}},"61":{"start":{"line":9,"column":2511},"end":{"line":9,"column":2568}},"62":{"start":{"line":9,"column":2524},"end":{"line":9,"column":2568}},"63":{"start":{"line":9,"column":2569},"end":{"line":9,"column":2644}},"64":{"start":{"line":9,"column":2584},"end":{"line":9,"column":2611}},"65":{"start":{"line":9,"column":2603},"end":{"line":9,"column":2611}},"66":{"start":{"line":9,"column":2612},"end":{"line":9,"column":2642}},"67":{"start":{"line":9,"column":2645},"end":{"line":9,"column":3208}},"68":{"start":{"line":9,"column":2687},"end":{"line":9,"column":2697}},"69":{"start":{"line":9,"column":2699},"end":{"line":9,"column":2788}},"70":{"start":{"line":9,"column":2716},"end":{"line":9,"column":2741}},"71":{"start":{"line":9,"column":2743},"end":{"line":9,"column":2786}},"72":{"start":{"line":9,"column":2752},"end":{"line":9,"column":2774}},"73":{"start":{"line":9,"column":2765},"end":{"line":9,"column":2774}},"74":{"start":{"line":9,"column":2775},"end":{"line":9,"column":2784}},"75":{"start":{"line":9,"column":2789},"end":{"line":9,"column":2991}},"76":{"start":{"line":9,"column":2814},"end":{"line":9,"column":2839}},"77":{"start":{"line":9,"column":2844},"end":{"line":9,"column":2991}},"78":{"start":{"line":9,"column":2872},"end":{"line":9,"column":2904}},"79":{"start":{"line":9,"column":2885},"end":{"line":9,"column":2904}},"80":{"start":{"line":9,"column":2905},"end":{"line":9,"column":2932}},"81":{"start":{"line":9,"column":2940},"end":{"line":9,"column":2991}},"82":{"start":{"line":9,"column":2992},"end":{"line":9,"column":2998}},"83":{"start":{"line":9,"column":3007},"end":{"line":9,"column":3024}},"84":{"start":{"line":9,"column":3026},"end":{"line":9,"column":3140}},"85":{"start":{"line":9,"column":3053},"end":{"line":9,"column":3099}},"86":{"start":{"line":9,"column":3090},"end":{"line":9,"column":3099}},"87":{"start":{"line":9,"column":3100},"end":{"line":9,"column":3138}},"88":{"start":{"line":9,"column":3141},"end":{"line":9,"column":3206}},"89":{"start":{"line":9,"column":3259},"end":{"line":9,"column":3267}},"90":{"start":{"line":9,"column":3273},"end":{"line":9,"column":3286}},"91":{"start":{"line":9,"column":3288},"end":{"line":9,"column":3572}},"92":{"start":{"line":9,"column":3301},"end":{"line":9,"column":3572}},"93":{"start":{"line":9,"column":3581},"end":{"line":9,"column":3611}},"94":{"start":{"line":9,"column":3613},"end":{"line":9,"column":3700}},"95":{"start":{"line":9,"column":3637},"end":{"line":9,"column":3700}},"96":{"start":{"line":9,"column":3709},"end":{"line":9,"column":3714}},"97":{"start":{"line":9,"column":3716},"end":{"line":9,"column":3971}},"98":{"start":{"line":9,"column":4009},"end":{"line":9,"column":4025}},"99":{"start":{"line":9,"column":4027},"end":{"line":9,"column":4134}},"100":{"start":{"line":9,"column":4173},"end":{"line":9,"column":4191}},"101":{"start":{"line":9,"column":4193},"end":{"line":9,"column":4243}},"102":{"start":{"line":9,"column":4268},"end":{"line":9,"column":4354}},"103":{"start":{"line":9,"column":4378},"end":{"line":9,"column":4699}},"104":{"start":{"line":9,"column":4407},"end":{"line":9,"column":4411}},"105":{"start":{"line":9,"column":4413},"end":{"line":9,"column":4437}},"106":{"start":{"line":9,"column":4420},"end":{"line":9,"column":4437}},"107":{"start":{"line":9,"column":4438},"end":{"line":9,"column":4480}},"108":{"start":{"line":9,"column":4471},"end":{"line":9,"column":4480}},"109":{"start":{"line":9,"column":4481},"end":{"line":9,"column":4697}},"110":{"start":{"line":9,"column":4513},"end":{"line":9,"column":4515}},"111":{"start":{"line":9,"column":4521},"end":{"line":9,"column":4675}},"112":{"start":{"line":9,"column":4539},"end":{"line":9,"column":4628}},"113":{"start":{"line":9,"column":4563},"end":{"line":9,"column":4628}},"114":{"start":{"line":9,"column":4581},"end":{"line":9,"column":4628}},"115":{"start":{"line":9,"column":4629},"end":{"line":9,"column":4673}},"116":{"start":{"line":9,"column":4677},"end":{"line":9,"column":4695}},"117":{"start":{"line":9,"column":4700},"end":{"line":9,"column":4753}},"118":{"start":{"line":9,"column":4756},"end":{"line":9,"column":9047}},"119":{"start":{"line":9,"column":5132},"end":{"line":9,"column":5171}},"120":{"start":{"line":9,"column":5173},"end":{"line":9,"column":5266}},"121":{"start":{"line":9,"column":5294},"end":{"line":9,"column":5493}},"122":{"start":{"line":9,"column":5522},"end":{"line":9,"column":5544}},"123":{"start":{"line":9,"column":5645},"end":{"line":9,"column":5657}},"124":{"start":{"line":9,"column":5732},"end":{"line":9,"column":5762}},"125":{"start":{"line":9,"column":5771},"end":{"line":9,"column":5809}},"126":{"start":{"line":9,"column":5811},"end":{"line":9,"column":5917}},"127":{"start":{"line":9,"column":5878},"end":{"line":9,"column":5913}},"128":{"start":{"line":9,"column":6001},"end":{"line":9,"column":6013}},"129":{"start":{"line":9,"column":6054},"end":{"line":9,"column":6082}},"130":{"start":{"line":9,"column":6119},"end":{"line":9,"column":6128}},"131":{"start":{"line":9,"column":6134},"end":{"line":9,"column":6136}},"132":{"start":{"line":9,"column":6138},"end":{"line":9,"column":6165}},"133":{"start":{"line":9,"column":6155},"end":{"line":9,"column":6165}},"134":{"start":{"line":9,"column":6166},"end":{"line":9,"column":6331}},"135":{"start":{"line":9,"column":6204},"end":{"line":9,"column":6299}},"136":{"start":{"line":9,"column":6232},"end":{"line":9,"column":6239}},"137":{"start":{"line":9,"column":6241},"end":{"line":9,"column":6297}},"138":{"start":{"line":9,"column":6253},"end":{"line":9,"column":6297}},"139":{"start":{"line":9,"column":6300},"end":{"line":9,"column":6328}},"140":{"start":{"line":9,"column":6425},"end":{"line":9,"column":6704}},"141":{"start":{"line":9,"column":6605},"end":{"line":9,"column":6704}},"142":{"start":{"line":9,"column":6625},"end":{"line":9,"column":6704}},"143":{"start":{"line":9,"column":6732},"end":{"line":9,"column":6747}},"144":{"start":{"line":9,"column":6756},"end":{"line":9,"column":6785}},"145":{"start":{"line":9,"column":6787},"end":{"line":9,"column":6823}},"146":{"start":{"line":9,"column":6811},"end":{"line":9,"column":6823}},"147":{"start":{"line":9,"column":6824},"end":{"line":9,"column":6841}},"148":{"start":{"line":9,"column":6896},"end":{"line":9,"column":6919}},"149":{"start":{"line":9,"column":6911},"end":{"line":9,"column":6919}},"150":{"start":{"line":9,"column":6928},"end":{"line":9,"column":6932}},"151":{"start":{"line":9,"column":6958},"end":{"line":9,"column":7047}},"152":{"start":{"line":9,"column":7050},"end":{"line":9,"column":7631}},"153":{"start":{"line":9,"column":7063},"end":{"line":9,"column":7089}},"154":{"start":{"line":9,"column":7114},"end":{"line":9,"column":7132}},"155":{"start":{"line":9,"column":7138},"end":{"line":9,"column":7150}},"156":{"start":{"line":9,"column":7152},"end":{"line":9,"column":7198}},"157":{"start":{"line":9,"column":7177},"end":{"line":9,"column":7198}},"158":{"start":{"line":9,"column":7199},"end":{"line":9,"column":7629}},"159":{"start":{"line":9,"column":7236},"end":{"line":9,"column":7257}},"160":{"start":{"line":9,"column":7263},"end":{"line":9,"column":7286}},"161":{"start":{"line":9,"column":7288},"end":{"line":9,"column":7627}},"162":{"start":{"line":9,"column":7302},"end":{"line":9,"column":7360}},"163":{"start":{"line":9,"column":7330},"end":{"line":9,"column":7360}},"164":{"start":{"line":9,"column":7361},"end":{"line":9,"column":7419}},"165":{"start":{"line":9,"column":7391},"end":{"line":9,"column":7419}},"166":{"start":{"line":9,"column":7427},"end":{"line":9,"column":7627}},"167":{"start":{"line":9,"column":7436},"end":{"line":9,"column":7494}},"168":{"start":{"line":9,"column":7464},"end":{"line":9,"column":7494}},"169":{"start":{"line":9,"column":7504},"end":{"line":9,"column":7566}},"170":{"start":{"line":9,"column":7512},"end":{"line":9,"column":7566}},"171":{"start":{"line":9,"column":7567},"end":{"line":9,"column":7625}},"172":{"start":{"line":9,"column":7597},"end":{"line":9,"column":7625}},"173":{"start":{"line":9,"column":7667},"end":{"line":9,"column":7856}},"174":{"start":{"line":9,"column":7680},"end":{"line":9,"column":7706}},"175":{"start":{"line":9,"column":7731},"end":{"line":9,"column":7749}},"176":{"start":{"line":9,"column":7751},"end":{"line":9,"column":7854}},"177":{"start":{"line":9,"column":7843},"end":{"line":9,"column":7844}},"178":{"start":{"line":9,"column":7846},"end":{"line":9,"column":7852}},"179":{"start":{"line":9,"column":7857},"end":{"line":9,"column":7950}},"180":{"start":{"line":9,"column":7959},"end":{"line":9,"column":7980}},"181":{"start":{"line":9,"column":7982},"end":{"line":9,"column":8087}},"182":{"start":{"line":9,"column":8127},"end":{"line":9,"column":8163}},"183":{"start":{"line":9,"column":8151},"end":{"line":9,"column":8163}},"184":{"start":{"line":9,"column":8164},"end":{"line":9,"column":8382}},"185":{"start":{"line":9,"column":8415},"end":{"line":9,"column":8593}},"186":{"start":{"line":9,"column":8428},"end":{"line":9,"column":8454}},"187":{"start":{"line":9,"column":8479},"end":{"line":9,"column":8497}},"188":{"start":{"line":9,"column":8499},"end":{"line":9,"column":8591}},"189":{"start":{"line":9,"column":8523},"end":{"line":9,"column":8591}},"190":{"start":{"line":9,"column":8627},"end":{"line":9,"column":8829}},"191":{"start":{"line":9,"column":8640},"end":{"line":9,"column":8666}},"192":{"start":{"line":9,"column":8691},"end":{"line":9,"column":8709}},"193":{"start":{"line":9,"column":8711},"end":{"line":9,"column":8827}},"194":{"start":{"line":9,"column":8741},"end":{"line":9,"column":8753}},"195":{"start":{"line":9,"column":8755},"end":{"line":9,"column":8815}},"196":{"start":{"line":9,"column":8789},"end":{"line":9,"column":8794}},"197":{"start":{"line":9,"column":8796},"end":{"line":9,"column":8813}},"198":{"start":{"line":9,"column":8816},"end":{"line":9,"column":8825}},"199":{"start":{"line":9,"column":8830},"end":{"line":9,"column":8867}},"200":{"start":{"line":9,"column":8920},"end":{"line":9,"column":9039}},"201":{"start":{"line":10,"column":51},"end":{"line":10,"column":120}},"202":{"start":{"line":10,"column":65},"end":{"line":10,"column":72}},"203":{"start":{"line":10,"column":78},"end":{"line":10,"column":85}},"204":{"start":{"line":10,"column":101},"end":{"line":10,"column":118}},"205":{"start":{"line":10,"column":121},"end":{"line":10,"column":167}},"206":{"start":{"line":11,"column":32},"end":{"line":11,"column":319}},"207":{"start":{"line":11,"column":61},"end":{"line":11,"column":65}},"208":{"start":{"line":11,"column":71},"end":{"line":11,"column":80}},"209":{"start":{"line":11,"column":82},"end":{"line":11,"column":316}},"210":{"start":{"line":11,"column":127},"end":{"line":11,"column":140}},"211":{"start":{"line":11,"column":162},"end":{"line":11,"column":216}},"212":{"start":{"line":11,"column":240},"end":{"line":11,"column":295}},"213":{"start":{"line":11,"column":298},"end":{"line":11,"column":312}},"214":{"start":{"line":12,"column":14},"end":{"line":12,"column":69}},"215":{"start":{"line":13,"column":24},"end":{"line":41,"column":3}},"216":{"start":{"line":14,"column":13},"end":{"line":37,"column":5}},"217":{"start":{"line":16,"column":4},"end":{"line":36,"column":16}},"218":{"start":{"line":17,"column":6},"end":{"line":35,"column":7}},"219":{"start":{"line":17,"column":16},"end":{"line":35,"column":7}},"220":{"start":{"line":19,"column":10},"end":{"line":19,"column":28}},"221":{"start":{"line":20,"column":10},"end":{"line":20,"column":92}},"222":{"start":{"line":22,"column":10},"end":{"line":22,"column":33}},"223":{"start":{"line":23,"column":10},"end":{"line":23,"column":34}},"224":{"start":{"line":24,"column":10},"end":{"line":24,"column":28}},"225":{"start":{"line":25,"column":10},"end":{"line":27,"column":13}},"226":{"start":{"line":29,"column":10},"end":{"line":29,"column":33}},"227":{"start":{"line":30,"column":10},"end":{"line":30,"column":25}},"228":{"start":{"line":31,"column":10},"end":{"line":31,"column":51}},"229":{"start":{"line":34,"column":10},"end":{"line":34,"column":33}},"230":{"start":{"line":38,"column":2},"end":{"line":40,"column":4}},"231":{"start":{"line":39,"column":4},"end":{"line":39,"column":39}},"232":{"start":{"line":42,"column":15},"end":{"line":44,"column":1}}},"fnMap":{"0":{"name":"_typeof","decl":{"start":{"line":3,"column":9},"end":{"line":3,"column":16}},"loc":{"start":{"line":3,"column":20},"end":{"line":3,"column":318}},"line":3},"1":{"name":"(anonymous_1)","decl":{"start":{"line":3,"column":134},"end":{"line":3,"column":135}},"loc":{"start":{"line":3,"column":147},"end":{"line":3,"column":167}},"line":3},"2":{"name":"(anonymous_2)","decl":{"start":{"line":3,"column":170},"end":{"line":3,"column":171}},"loc":{"start":{"line":3,"column":183},"end":{"line":3,"column":303}},"line":3},"3":{"name":"_regeneratorRuntime","decl":{"start":{"line":9,"column":9},"end":{"line":9,"column":28}},"loc":{"start":{"line":9,"column":31},"end":{"line":9,"column":9049}},"line":9},"4":{"name":"_regeneratorRuntime","decl":{"start":{"line":9,"column":227},"end":{"line":9,"column":246}},"loc":{"start":{"line":9,"column":249},"end":{"line":9,"column":262}},"line":9},"5":{"name":"(anonymous_5)","decl":{"start":{"line":9,"column":352},"end":{"line":9,"column":353}},"loc":{"start":{"line":9,"column":371},"end":{"line":9,"column":390}},"line":9},"6":{"name":"define","decl":{"start":{"line":9,"column":560},"end":{"line":9,"column":566}},"loc":{"start":{"line":9,"column":576},"end":{"line":9,"column":683}},"line":9},"7":{"name":"define","decl":{"start":{"line":9,"column":738},"end":{"line":9,"column":744}},"loc":{"start":{"line":9,"column":754},"end":{"line":9,"column":774}},"line":9},"8":{"name":"wrap","decl":{"start":{"line":9,"column":787},"end":{"line":9,"column":791}},"loc":{"start":{"line":9,"column":804},"end":{"line":9,"column":993}},"line":9},"9":{"name":"tryCatch","decl":{"start":{"line":9,"column":1003},"end":{"line":9,"column":1011}},"loc":{"start":{"line":9,"column":1021},"end":{"line":9,"column":1126}},"line":9},"10":{"name":"Generator","decl":{"start":{"line":9,"column":1241},"end":{"line":9,"column":1250}},"loc":{"start":{"line":9,"column":1253},"end":{"line":9,"column":1255}},"line":9},"11":{"name":"GeneratorFunction","decl":{"start":{"line":9,"column":1265},"end":{"line":9,"column":1282}},"loc":{"start":{"line":9,"column":1285},"end":{"line":9,"column":1287}},"line":9},"12":{"name":"GeneratorFunctionPrototype","decl":{"start":{"line":9,"column":1297},"end":{"line":9,"column":1323}},"loc":{"start":{"line":9,"column":1326},"end":{"line":9,"column":1328}},"line":9},"13":{"name":"(anonymous_13)","decl":{"start":{"line":9,"column":1354},"end":{"line":9,"column":1355}},"loc":{"start":{"line":9,"column":1366},"end":{"line":9,"column":1382}},"line":9},"14":{"name":"defineIteratorMethods","decl":{"start":{"line":9,"column":1580},"end":{"line":9,"column":1601}},"loc":{"start":{"line":9,"column":1605},"end":{"line":9,"column":1722}},"line":9},"15":{"name":"(anonymous_15)","decl":{"start":{"line":9,"column":1643},"end":{"line":9,"column":1644}},"loc":{"start":{"line":9,"column":1656},"end":{"line":9,"column":1718}},"line":9},"16":{"name":"(anonymous_16)","decl":{"start":{"line":9,"column":1671},"end":{"line":9,"column":1672}},"loc":{"start":{"line":9,"column":1684},"end":{"line":9,"column":1714}},"line":9},"17":{"name":"AsyncIterator","decl":{"start":{"line":9,"column":1732},"end":{"line":9,"column":1745}},"loc":{"start":{"line":9,"column":1752},"end":{"line":9,"column":2437}},"line":9},"18":{"name":"invoke","decl":{"start":{"line":9,"column":1763},"end":{"line":9,"column":1769}},"loc":{"start":{"line":9,"column":1782},"end":{"line":9,"column":2164}},"line":9},"19":{"name":"(anonymous_19)","decl":{"start":{"line":9,"column":1955},"end":{"line":9,"column":1956}},"loc":{"start":{"line":9,"column":1968},"end":{"line":9,"column":1996}},"line":9},"20":{"name":"(anonymous_20)","decl":{"start":{"line":9,"column":1998},"end":{"line":9,"column":1999}},"loc":{"start":{"line":9,"column":2011},"end":{"line":9,"column":2040}},"line":9},"21":{"name":"(anonymous_21)","decl":{"start":{"line":9,"column":2062},"end":{"line":9,"column":2063}},"loc":{"start":{"line":9,"column":2075},"end":{"line":9,"column":2097}},"line":9},"22":{"name":"(anonymous_22)","decl":{"start":{"line":9,"column":2099},"end":{"line":9,"column":2100}},"loc":{"start":{"line":9,"column":2112},"end":{"line":9,"column":2148}},"line":9},"23":{"name":"value","decl":{"start":{"line":9,"column":2209},"end":{"line":9,"column":2214}},"loc":{"start":{"line":9,"column":2221},"end":{"line":9,"column":2431}},"line":9},"24":{"name":"callInvokeWithMethodAndArg","decl":{"start":{"line":9,"column":2232},"end":{"line":9,"column":2258}},"loc":{"start":{"line":9,"column":2261},"end":{"line":9,"column":2319}},"line":9},"25":{"name":"(anonymous_25)","decl":{"start":{"line":9,"column":2276},"end":{"line":9,"column":2277}},"loc":{"start":{"line":9,"column":2292},"end":{"line":9,"column":2315}},"line":9},"26":{"name":"makeInvokeMethod","decl":{"start":{"line":9,"column":2447},"end":{"line":9,"column":2463}},"loc":{"start":{"line":9,"column":2473},"end":{"line":9,"column":3213}},"line":9},"27":{"name":"(anonymous_27)","decl":{"start":{"line":9,"column":2493},"end":{"line":9,"column":2494}},"loc":{"start":{"line":9,"column":2509},"end":{"line":9,"column":3210}},"line":9},"28":{"name":"maybeInvokeDelegate","decl":{"start":{"line":9,"column":3223},"end":{"line":9,"column":3242}},"loc":{"start":{"line":9,"column":3249},"end":{"line":9,"column":3973}},"line":9},"29":{"name":"pushTryEntry","decl":{"start":{"line":9,"column":3983},"end":{"line":9,"column":3995}},"loc":{"start":{"line":9,"column":3999},"end":{"line":9,"column":4136}},"line":9},"30":{"name":"resetTryEntry","decl":{"start":{"line":9,"column":4146},"end":{"line":9,"column":4159}},"loc":{"start":{"line":9,"column":4163},"end":{"line":9,"column":4245}},"line":9},"31":{"name":"Context","decl":{"start":{"line":9,"column":4255},"end":{"line":9,"column":4262}},"loc":{"start":{"line":9,"column":4266},"end":{"line":9,"column":4356}},"line":9},"32":{"name":"values","decl":{"start":{"line":9,"column":4366},"end":{"line":9,"column":4372}},"loc":{"start":{"line":9,"column":4376},"end":{"line":9,"column":4755}},"line":9},"33":{"name":"next","decl":{"start":{"line":9,"column":4530},"end":{"line":9,"column":4534}},"loc":{"start":{"line":9,"column":4537},"end":{"line":9,"column":4675}},"line":9},"34":{"name":"(anonymous_34)","decl":{"start":{"line":9,"column":5109},"end":{"line":9,"column":5110}},"loc":{"start":{"line":9,"column":5122},"end":{"line":9,"column":5268}},"line":9},"35":{"name":"(anonymous_35)","decl":{"start":{"line":9,"column":5279},"end":{"line":9,"column":5280}},"loc":{"start":{"line":9,"column":5292},"end":{"line":9,"column":5495}},"line":9},"36":{"name":"(anonymous_36)","decl":{"start":{"line":9,"column":5507},"end":{"line":9,"column":5508}},"loc":{"start":{"line":9,"column":5520},"end":{"line":9,"column":5546}},"line":9},"37":{"name":"(anonymous_37)","decl":{"start":{"line":9,"column":5631},"end":{"line":9,"column":5632}},"loc":{"start":{"line":9,"column":5643},"end":{"line":9,"column":5659}},"line":9},"38":{"name":"(anonymous_38)","decl":{"start":{"line":9,"column":5705},"end":{"line":9,"column":5706}},"loc":{"start":{"line":9,"column":5730},"end":{"line":9,"column":5919}},"line":9},"39":{"name":"(anonymous_39)","decl":{"start":{"line":9,"column":5863},"end":{"line":9,"column":5864}},"loc":{"start":{"line":9,"column":5876},"end":{"line":9,"column":5915}},"line":9},"40":{"name":"(anonymous_40)","decl":{"start":{"line":9,"column":5987},"end":{"line":9,"column":5988}},"loc":{"start":{"line":9,"column":5999},"end":{"line":9,"column":6015}},"line":9},"41":{"name":"(anonymous_41)","decl":{"start":{"line":9,"column":6040},"end":{"line":9,"column":6041}},"loc":{"start":{"line":9,"column":6052},"end":{"line":9,"column":6084}},"line":9},"42":{"name":"(anonymous_42)","decl":{"start":{"line":9,"column":6096},"end":{"line":9,"column":6097}},"loc":{"start":{"line":9,"column":6109},"end":{"line":9,"column":6333}},"line":9},"43":{"name":"next","decl":{"start":{"line":9,"column":6195},"end":{"line":9,"column":6199}},"loc":{"start":{"line":9,"column":6202},"end":{"line":9,"column":6330}},"line":9},"44":{"name":"reset","decl":{"start":{"line":9,"column":6414},"end":{"line":9,"column":6419}},"loc":{"start":{"line":9,"column":6423},"end":{"line":9,"column":6706}},"line":9},"45":{"name":"stop","decl":{"start":{"line":9,"column":6723},"end":{"line":9,"column":6727}},"loc":{"start":{"line":9,"column":6730},"end":{"line":9,"column":6843}},"line":9},"46":{"name":"dispatchException","decl":{"start":{"line":9,"column":6873},"end":{"line":9,"column":6890}},"loc":{"start":{"line":9,"column":6894},"end":{"line":9,"column":7633}},"line":9},"47":{"name":"handle","decl":{"start":{"line":9,"column":6943},"end":{"line":9,"column":6949}},"loc":{"start":{"line":9,"column":6956},"end":{"line":9,"column":7049}},"line":9},"48":{"name":"abrupt","decl":{"start":{"line":9,"column":7652},"end":{"line":9,"column":7658}},"loc":{"start":{"line":9,"column":7665},"end":{"line":9,"column":8089}},"line":9},"49":{"name":"complete","decl":{"start":{"line":9,"column":8110},"end":{"line":9,"column":8118}},"loc":{"start":{"line":9,"column":8125},"end":{"line":9,"column":8384}},"line":9},"50":{"name":"finish","decl":{"start":{"line":9,"column":8403},"end":{"line":9,"column":8409}},"loc":{"start":{"line":9,"column":8413},"end":{"line":9,"column":8595}},"line":9},"51":{"name":"_catch","decl":{"start":{"line":9,"column":8615},"end":{"line":9,"column":8621}},"loc":{"start":{"line":9,"column":8625},"end":{"line":9,"column":8869}},"line":9},"52":{"name":"delegateYield","decl":{"start":{"line":9,"column":8895},"end":{"line":9,"column":8908}},"loc":{"start":{"line":9,"column":8918},"end":{"line":9,"column":9041}},"line":9},"53":{"name":"asyncGeneratorStep","decl":{"start":{"line":10,"column":9},"end":{"line":10,"column":27}},"loc":{"start":{"line":10,"column":49},"end":{"line":10,"column":169}},"line":10},"54":{"name":"_asyncToGenerator","decl":{"start":{"line":11,"column":9},"end":{"line":11,"column":26}},"loc":{"start":{"line":11,"column":30},"end":{"line":11,"column":321}},"line":11},"55":{"name":"(anonymous_55)","decl":{"start":{"line":11,"column":39},"end":{"line":11,"column":40}},"loc":{"start":{"line":11,"column":51},"end":{"line":11,"column":318}},"line":11},"56":{"name":"(anonymous_56)","decl":{"start":{"line":11,"column":101},"end":{"line":11,"column":102}},"loc":{"start":{"line":11,"column":117},"end":{"line":11,"column":314}},"line":11},"57":{"name":"_next","decl":{"start":{"line":11,"column":151},"end":{"line":11,"column":156}},"loc":{"start":{"line":11,"column":160},"end":{"line":11,"column":218}},"line":11},"58":{"name":"_throw","decl":{"start":{"line":11,"column":228},"end":{"line":11,"column":234}},"loc":{"start":{"line":11,"column":238},"end":{"line":11,"column":297}},"line":11},"59":{"name":"(anonymous_59)","decl":{"start":{"line":13,"column":65},"end":{"line":13,"column":66}},"loc":{"start":{"line":13,"column":77},"end":{"line":41,"column":1}},"line":13},"60":{"name":"_callee","decl":{"start":{"line":14,"column":80},"end":{"line":14,"column":87}},"loc":{"start":{"line":14,"column":98},"end":{"line":37,"column":3}},"line":14},"61":{"name":"_callee$","decl":{"start":{"line":16,"column":47},"end":{"line":16,"column":55}},"loc":{"start":{"line":16,"column":66},"end":{"line":36,"column":5}},"line":16},"62":{"name":"getUserByUsername","decl":{"start":{"line":38,"column":18},"end":{"line":38,"column":35}},"loc":{"start":{"line":38,"column":40},"end":{"line":40,"column":3}},"line":38}},"branchMap":{"0":{"loc":{"start":{"line":3,"column":66},"end":{"line":3,"column":303}},"type":"cond-expr","locations":[{"start":{"line":3,"column":134},"end":{"line":3,"column":167}},{"start":{"line":3,"column":170},"end":{"line":3,"column":303}}],"line":3},"1":{"loc":{"start":{"line":3,"column":66},"end":{"line":3,"column":131}},"type":"binary-expr","locations":[{"start":{"line":3,"column":66},"end":{"line":3,"column":93}},{"start":{"line":3,"column":97},"end":{"line":3,"column":131}}],"line":3},"2":{"loc":{"start":{"line":3,"column":192},"end":{"line":3,"column":300}},"type":"cond-expr","locations":[{"start":{"line":3,"column":281},"end":{"line":3,"column":289}},{"start":{"line":3,"column":292},"end":{"line":3,"column":300}}],"line":3},"3":{"loc":{"start":{"line":3,"column":192},"end":{"line":3,"column":278}},"type":"binary-expr","locations":[{"start":{"line":3,"column":192},"end":{"line":3,"column":193}},{"start":{"line":3,"column":197},"end":{"line":3,"column":224}},{"start":{"line":3,"column":228},"end":{"line":3,"column":252}},{"start":{"line":3,"column":256},"end":{"line":3,"column":278}}],"line":3},"4":{"loc":{"start":{"line":9,"column":327},"end":{"line":9,"column":390}},"type":"binary-expr","locations":[{"start":{"line":9,"column":327},"end":{"line":9,"column":348}},{"start":{"line":9,"column":352},"end":{"line":9,"column":390}}],"line":9},"5":{"loc":{"start":{"line":9,"column":396},"end":{"line":9,"column":437}},"type":"cond-expr","locations":[{"start":{"line":9,"column":426},"end":{"line":9,"column":432}},{"start":{"line":9,"column":435},"end":{"line":9,"column":437}}],"line":9},"6":{"loc":{"start":{"line":9,"column":443},"end":{"line":9,"column":469}},"type":"binary-expr","locations":[{"start":{"line":9,"column":443},"end":{"line":9,"column":453}},{"start":{"line":9,"column":457},"end":{"line":9,"column":469}}],"line":9},"7":{"loc":{"start":{"line":9,"column":475},"end":{"line":9,"column":511}},"type":"binary-expr","locations":[{"start":{"line":9,"column":475},"end":{"line":9,"column":490}},{"start":{"line":9,"column":494},"end":{"line":9,"column":511}}],"line":9},"8":{"loc":{"start":{"line":9,"column":517},"end":{"line":9,"column":549}},"type":"binary-expr","locations":[{"start":{"line":9,"column":517},"end":{"line":9,"column":530}},{"start":{"line":9,"column":534},"end":{"line":9,"column":549}}],"line":9},"9":{"loc":{"start":{"line":9,"column":814},"end":{"line":9,"column":867}},"type":"cond-expr","locations":[{"start":{"line":9,"column":854},"end":{"line":9,"column":855}},{"start":{"line":9,"column":858},"end":{"line":9,"column":867}}],"line":9},"10":{"loc":{"start":{"line":9,"column":814},"end":{"line":9,"column":851}},"type":"binary-expr","locations":[{"start":{"line":9,"column":814},"end":{"line":9,"column":815}},{"start":{"line":9,"column":819},"end":{"line":9,"column":851}}],"line":9},"11":{"loc":{"start":{"line":9,"column":917},"end":{"line":9,"column":924}},"type":"binary-expr","locations":[{"start":{"line":9,"column":917},"end":{"line":9,"column":918}},{"start":{"line":9,"column":922},"end":{"line":9,"column":924}}],"line":9},"12":{"loc":{"start":{"line":9,"column":1420},"end":{"line":9,"column":1441}},"type":"binary-expr","locations":[{"start":{"line":9,"column":1420},"end":{"line":9,"column":1421}},{"start":{"line":9,"column":1425},"end":{"line":9,"column":1441}}],"line":9},"13":{"loc":{"start":{"line":9,"column":1443},"end":{"line":9,"column":1482}},"type":"binary-expr","locations":[{"start":{"line":9,"column":1443},"end":{"line":9,"column":1444}},{"start":{"line":9,"column":1448},"end":{"line":9,"column":1455}},{"start":{"line":9,"column":1459},"end":{"line":9,"column":1471}},{"start":{"line":9,"column":1476},"end":{"line":9,"column":1481}}],"line":9},"14":{"loc":{"start":{"line":9,"column":1814},"end":{"line":9,"column":2152}},"type":"if","locations":[{"start":{"line":9,"column":1814},"end":{"line":9,"column":2152}},{"start":{},"end":{}}],"line":9},"15":{"loc":{"start":{"line":9,"column":1875},"end":{"line":9,"column":2149}},"type":"cond-expr","locations":[{"start":{"line":9,"column":1929},"end":{"line":9,"column":2041}},{"start":{"line":9,"column":2044},"end":{"line":9,"column":2149}}],"line":9},"16":{"loc":{"start":{"line":9,"column":1875},"end":{"line":9,"column":1926}},"type":"binary-expr","locations":[{"start":{"line":9,"column":1875},"end":{"line":9,"column":1876}},{"start":{"line":9,"column":1880},"end":{"line":9,"column":1902}},{"start":{"line":9,"column":1906},"end":{"line":9,"column":1926}}],"line":9},"17":{"loc":{"start":{"line":9,"column":2331},"end":{"line":9,"column":2428}},"type":"cond-expr","locations":[{"start":{"line":9,"column":2335},"end":{"line":9,"column":2397}},{"start":{"line":9,"column":2400},"end":{"line":9,"column":2428}}],"line":9},"18":{"loc":{"start":{"line":9,"column":2511},"end":{"line":9,"column":2568}},"type":"if","locations":[{"start":{"line":9,"column":2511},"end":{"line":9,"column":2568}},{"start":{},"end":{}}],"line":9},"19":{"loc":{"start":{"line":9,"column":2569},"end":{"line":9,"column":2644}},"type":"if","locations":[{"start":{"line":9,"column":2569},"end":{"line":9,"column":2644}},{"start":{},"end":{}}],"line":9},"20":{"loc":{"start":{"line":9,"column":2584},"end":{"line":9,"column":2611}},"type":"if","locations":[{"start":{"line":9,"column":2584},"end":{"line":9,"column":2611}},{"start":{},"end":{}}],"line":9},"21":{"loc":{"start":{"line":9,"column":2699},"end":{"line":9,"column":2788}},"type":"if","locations":[{"start":{"line":9,"column":2699},"end":{"line":9,"column":2788}},{"start":{},"end":{}}],"line":9},"22":{"loc":{"start":{"line":9,"column":2743},"end":{"line":9,"column":2786}},"type":"if","locations":[{"start":{"line":9,"column":2743},"end":{"line":9,"column":2786}},{"start":{},"end":{}}],"line":9},"23":{"loc":{"start":{"line":9,"column":2752},"end":{"line":9,"column":2774}},"type":"if","locations":[{"start":{"line":9,"column":2752},"end":{"line":9,"column":2774}},{"start":{},"end":{}}],"line":9},"24":{"loc":{"start":{"line":9,"column":2789},"end":{"line":9,"column":2991}},"type":"if","locations":[{"start":{"line":9,"column":2789},"end":{"line":9,"column":2991}},{"start":{"line":9,"column":2844},"end":{"line":9,"column":2991}}],"line":9},"25":{"loc":{"start":{"line":9,"column":2844},"end":{"line":9,"column":2991}},"type":"if","locations":[{"start":{"line":9,"column":2844},"end":{"line":9,"column":2991}},{"start":{"line":9,"column":2940},"end":{"line":9,"column":2991}}],"line":9},"26":{"loc":{"start":{"line":9,"column":2872},"end":{"line":9,"column":2904}},"type":"if","locations":[{"start":{"line":9,"column":2872},"end":{"line":9,"column":2904}},{"start":{},"end":{}}],"line":9},"27":{"loc":{"start":{"line":9,"column":2940},"end":{"line":9,"column":2990}},"type":"binary-expr","locations":[{"start":{"line":9,"column":2940},"end":{"line":9,"column":2961}},{"start":{"line":9,"column":2965},"end":{"line":9,"column":2990}}],"line":9},"28":{"loc":{"start":{"line":9,"column":3026},"end":{"line":9,"column":3140}},"type":"if","locations":[{"start":{"line":9,"column":3026},"end":{"line":9,"column":3140}},{"start":{},"end":{}}],"line":9},"29":{"loc":{"start":{"line":9,"column":3053},"end":{"line":9,"column":3099}},"type":"if","locations":[{"start":{"line":9,"column":3053},"end":{"line":9,"column":3099}},{"start":{},"end":{}}],"line":9},"30":{"loc":{"start":{"line":9,"column":3061},"end":{"line":9,"column":3075}},"type":"cond-expr","locations":[{"start":{"line":9,"column":3070},"end":{"line":9,"column":3071}},{"start":{"line":9,"column":3074},"end":{"line":9,"column":3075}}],"line":9},"31":{"loc":{"start":{"line":9,"column":3141},"end":{"line":9,"column":3205}},"type":"binary-expr","locations":[{"start":{"line":9,"column":3141},"end":{"line":9,"column":3159}},{"start":{"line":9,"column":3164},"end":{"line":9,"column":3204}}],"line":9},"32":{"loc":{"start":{"line":9,"column":3288},"end":{"line":9,"column":3572}},"type":"if","locations":[{"start":{"line":9,"column":3288},"end":{"line":9,"column":3572}},{"start":{},"end":{}}],"line":9},"33":{"loc":{"start":{"line":9,"column":3327},"end":{"line":9,"column":3568}},"type":"binary-expr","locations":[{"start":{"line":9,"column":3327},"end":{"line":9,"column":3340}},{"start":{"line":9,"column":3344},"end":{"line":9,"column":3364}},{"start":{"line":9,"column":3369},"end":{"line":9,"column":3448}},{"start":{"line":9,"column":3453},"end":{"line":9,"column":3467}},{"start":{"line":9,"column":3472},"end":{"line":9,"column":3567}}],"line":9},"34":{"loc":{"start":{"line":9,"column":3613},"end":{"line":9,"column":3700}},"type":"if","locations":[{"start":{"line":9,"column":3613},"end":{"line":9,"column":3700}},{"start":{},"end":{}}],"line":9},"35":{"loc":{"start":{"line":9,"column":3723},"end":{"line":9,"column":3970}},"type":"cond-expr","locations":[{"start":{"line":9,"column":3727},"end":{"line":9,"column":3866}},{"start":{"line":9,"column":3870},"end":{"line":9,"column":3969}}],"line":9},"36":{"loc":{"start":{"line":9,"column":3727},"end":{"line":9,"column":3866}},"type":"cond-expr","locations":[{"start":{"line":9,"column":3737},"end":{"line":9,"column":3861}},{"start":{"line":9,"column":3865},"end":{"line":9,"column":3866}}],"line":9},"37":{"loc":{"start":{"line":9,"column":3784},"end":{"line":9,"column":3839}},"type":"binary-expr","locations":[{"start":{"line":9,"column":3784},"end":{"line":9,"column":3805}},{"start":{"line":9,"column":3810},"end":{"line":9,"column":3838}}],"line":9},"38":{"loc":{"start":{"line":9,"column":4027},"end":{"line":9,"column":4056}},"type":"binary-expr","locations":[{"start":{"line":9,"column":4027},"end":{"line":9,"column":4033}},{"start":{"line":9,"column":4038},"end":{"line":9,"column":4055}}],"line":9},"39":{"loc":{"start":{"line":9,"column":4058},"end":{"line":9,"column":4108}},"type":"binary-expr","locations":[{"start":{"line":9,"column":4058},"end":{"line":9,"column":4064}},{"start":{"line":9,"column":4069},"end":{"line":9,"column":4107}}],"line":9},"40":{"loc":{"start":{"line":9,"column":4173},"end":{"line":9,"column":4191}},"type":"binary-expr","locations":[{"start":{"line":9,"column":4173},"end":{"line":9,"column":4185}},{"start":{"line":9,"column":4189},"end":{"line":9,"column":4191}}],"line":9},"41":{"loc":{"start":{"line":9,"column":4378},"end":{"line":9,"column":4699}},"type":"if","locations":[{"start":{"line":9,"column":4378},"end":{"line":9,"column":4699}},{"start":{},"end":{}}],"line":9},"42":{"loc":{"start":{"line":9,"column":4382},"end":{"line":9,"column":4395}},"type":"binary-expr","locations":[{"start":{"line":9,"column":4382},"end":{"line":9,"column":4383}},{"start":{"line":9,"column":4387},"end":{"line":9,"column":4395}}],"line":9},"43":{"loc":{"start":{"line":9,"column":4413},"end":{"line":9,"column":4437}},"type":"if","locations":[{"start":{"line":9,"column":4413},"end":{"line":9,"column":4437}},{"start":{},"end":{}}],"line":9},"44":{"loc":{"start":{"line":9,"column":4438},"end":{"line":9,"column":4480}},"type":"if","locations":[{"start":{"line":9,"column":4438},"end":{"line":9,"column":4480}},{"start":{},"end":{}}],"line":9},"45":{"loc":{"start":{"line":9,"column":4481},"end":{"line":9,"column":4697}},"type":"if","locations":[{"start":{"line":9,"column":4481},"end":{"line":9,"column":4697}},{"start":{},"end":{}}],"line":9},"46":{"loc":{"start":{"line":9,"column":4563},"end":{"line":9,"column":4628}},"type":"if","locations":[{"start":{"line":9,"column":4563},"end":{"line":9,"column":4628}},{"start":{},"end":{}}],"line":9},"47":{"loc":{"start":{"line":9,"column":5132},"end":{"line":9,"column":5171}},"type":"binary-expr","locations":[{"start":{"line":9,"column":5132},"end":{"line":9,"column":5154}},{"start":{"line":9,"column":5158},"end":{"line":9,"column":5171}}],"line":9},"48":{"loc":{"start":{"line":9,"column":5180},"end":{"line":9,"column":5265}},"type":"binary-expr","locations":[{"start":{"line":9,"column":5180},"end":{"line":9,"column":5183}},{"start":{"line":9,"column":5188},"end":{"line":9,"column":5211}},{"start":{"line":9,"column":5215},"end":{"line":9,"column":5264}}],"line":9},"49":{"loc":{"start":{"line":9,"column":5240},"end":{"line":9,"column":5263}},"type":"binary-expr","locations":[{"start":{"line":9,"column":5240},"end":{"line":9,"column":5253}},{"start":{"line":9,"column":5257},"end":{"line":9,"column":5263}}],"line":9},"50":{"loc":{"start":{"line":9,"column":5301},"end":{"line":9,"column":5457}},"type":"cond-expr","locations":[{"start":{"line":9,"column":5325},"end":{"line":9,"column":5377}},{"start":{"line":9,"column":5381},"end":{"line":9,"column":5456}}],"line":9},"51":{"loc":{"start":{"line":9,"column":5732},"end":{"line":9,"column":5761}},"type":"binary-expr","locations":[{"start":{"line":9,"column":5732},"end":{"line":9,"column":5744}},{"start":{"line":9,"column":5749},"end":{"line":9,"column":5760}}],"line":9},"52":{"loc":{"start":{"line":9,"column":5818},"end":{"line":9,"column":5916}},"type":"cond-expr","locations":[{"start":{"line":9,"column":5845},"end":{"line":9,"column":5846}},{"start":{"line":9,"column":5849},"end":{"line":9,"column":5916}}],"line":9},"53":{"loc":{"start":{"line":9,"column":5885},"end":{"line":9,"column":5912}},"type":"cond-expr","locations":[{"start":{"line":9,"column":5894},"end":{"line":9,"column":5901}},{"start":{"line":9,"column":5904},"end":{"line":9,"column":5912}}],"line":9},"54":{"loc":{"start":{"line":9,"column":6241},"end":{"line":9,"column":6297}},"type":"if","locations":[{"start":{"line":9,"column":6241},"end":{"line":9,"column":6297}},{"start":{},"end":{}}],"line":9},"55":{"loc":{"start":{"line":9,"column":6425},"end":{"line":9,"column":6704}},"type":"if","locations":[{"start":{"line":9,"column":6425},"end":{"line":9,"column":6704}},{"start":{},"end":{}}],"line":9},"56":{"loc":{"start":{"line":9,"column":6625},"end":{"line":9,"column":6703}},"type":"binary-expr","locations":[{"start":{"line":9,"column":6625},"end":{"line":9,"column":6644}},{"start":{"line":9,"column":6648},"end":{"line":9,"column":6663}},{"start":{"line":9,"column":6667},"end":{"line":9,"column":6686}},{"start":{"line":9,"column":6691},"end":{"line":9,"column":6702}}],"line":9},"57":{"loc":{"start":{"line":9,"column":6787},"end":{"line":9,"column":6823}},"type":"if","locations":[{"start":{"line":9,"column":6787},"end":{"line":9,"column":6823}},{"start":{},"end":{}}],"line":9},"58":{"loc":{"start":{"line":9,"column":6896},"end":{"line":9,"column":6919}},"type":"if","locations":[{"start":{"line":9,"column":6896},"end":{"line":9,"column":6919}},{"start":{},"end":{}}],"line":9},"59":{"loc":{"start":{"line":9,"column":7006},"end":{"line":9,"column":7041}},"type":"binary-expr","locations":[{"start":{"line":9,"column":7006},"end":{"line":9,"column":7007}},{"start":{"line":9,"column":7012},"end":{"line":9,"column":7040}}],"line":9},"60":{"loc":{"start":{"line":9,"column":7152},"end":{"line":9,"column":7198}},"type":"if","locations":[{"start":{"line":9,"column":7152},"end":{"line":9,"column":7198}},{"start":{},"end":{}}],"line":9},"61":{"loc":{"start":{"line":9,"column":7199},"end":{"line":9,"column":7629}},"type":"if","locations":[{"start":{"line":9,"column":7199},"end":{"line":9,"column":7629}},{"start":{},"end":{}}],"line":9},"62":{"loc":{"start":{"line":9,"column":7288},"end":{"line":9,"column":7627}},"type":"if","locations":[{"start":{"line":9,"column":7288},"end":{"line":9,"column":7627}},{"start":{"line":9,"column":7427},"end":{"line":9,"column":7627}}],"line":9},"63":{"loc":{"start":{"line":9,"column":7292},"end":{"line":9,"column":7298}},"type":"binary-expr","locations":[{"start":{"line":9,"column":7292},"end":{"line":9,"column":7293}},{"start":{"line":9,"column":7297},"end":{"line":9,"column":7298}}],"line":9},"64":{"loc":{"start":{"line":9,"column":7302},"end":{"line":9,"column":7360}},"type":"if","locations":[{"start":{"line":9,"column":7302},"end":{"line":9,"column":7360}},{"start":{},"end":{}}],"line":9},"65":{"loc":{"start":{"line":9,"column":7361},"end":{"line":9,"column":7419}},"type":"if","locations":[{"start":{"line":9,"column":7361},"end":{"line":9,"column":7419}},{"start":{},"end":{}}],"line":9},"66":{"loc":{"start":{"line":9,"column":7427},"end":{"line":9,"column":7627}},"type":"if","locations":[{"start":{"line":9,"column":7427},"end":{"line":9,"column":7627}},{"start":{"line":9,"column":7502},"end":{"line":9,"column":7627}}],"line":9},"67":{"loc":{"start":{"line":9,"column":7436},"end":{"line":9,"column":7494}},"type":"if","locations":[{"start":{"line":9,"column":7436},"end":{"line":9,"column":7494}},{"start":{},"end":{}}],"line":9},"68":{"loc":{"start":{"line":9,"column":7504},"end":{"line":9,"column":7566}},"type":"if","locations":[{"start":{"line":9,"column":7504},"end":{"line":9,"column":7566}},{"start":{},"end":{}}],"line":9},"69":{"loc":{"start":{"line":9,"column":7567},"end":{"line":9,"column":7625}},"type":"if","locations":[{"start":{"line":9,"column":7567},"end":{"line":9,"column":7625}},{"start":{},"end":{}}],"line":9},"70":{"loc":{"start":{"line":9,"column":7751},"end":{"line":9,"column":7854}},"type":"if","locations":[{"start":{"line":9,"column":7751},"end":{"line":9,"column":7854}},{"start":{},"end":{}}],"line":9},"71":{"loc":{"start":{"line":9,"column":7755},"end":{"line":9,"column":7831}},"type":"binary-expr","locations":[{"start":{"line":9,"column":7755},"end":{"line":9,"column":7776}},{"start":{"line":9,"column":7780},"end":{"line":9,"column":7803}},{"start":{"line":9,"column":7807},"end":{"line":9,"column":7831}}],"line":9},"72":{"loc":{"start":{"line":9,"column":7857},"end":{"line":9,"column":7949}},"type":"binary-expr","locations":[{"start":{"line":9,"column":7857},"end":{"line":9,"column":7858}},{"start":{"line":9,"column":7863},"end":{"line":9,"column":7876}},{"start":{"line":9,"column":7880},"end":{"line":9,"column":7896}},{"start":{"line":9,"column":7901},"end":{"line":9,"column":7914}},{"start":{"line":9,"column":7918},"end":{"line":9,"column":7935}},{"start":{"line":9,"column":7940},"end":{"line":9,"column":7948}}],"line":9},"73":{"loc":{"start":{"line":9,"column":7959},"end":{"line":9,"column":7980}},"type":"cond-expr","locations":[{"start":{"line":9,"column":7963},"end":{"line":9,"column":7975}},{"start":{"line":9,"column":7978},"end":{"line":9,"column":7980}}],"line":9},"74":{"loc":{"start":{"line":9,"column":8012},"end":{"line":9,"column":8086}},"type":"cond-expr","locations":[{"start":{"line":9,"column":8017},"end":{"line":9,"column":8066}},{"start":{"line":9,"column":8070},"end":{"line":9,"column":8086}}],"line":9},"75":{"loc":{"start":{"line":9,"column":8127},"end":{"line":9,"column":8163}},"type":"if","locations":[{"start":{"line":9,"column":8127},"end":{"line":9,"column":8163}},{"start":{},"end":{}}],"line":9},"76":{"loc":{"start":{"line":9,"column":8171},"end":{"line":9,"column":8378}},"type":"cond-expr","locations":[{"start":{"line":9,"column":8217},"end":{"line":9,"column":8234}},{"start":{"line":9,"column":8237},"end":{"line":9,"column":8378}}],"line":9},"77":{"loc":{"start":{"line":9,"column":8171},"end":{"line":9,"column":8214}},"type":"binary-expr","locations":[{"start":{"line":9,"column":8171},"end":{"line":9,"column":8189}},{"start":{"line":9,"column":8193},"end":{"line":9,"column":8214}}],"line":9},"78":{"loc":{"start":{"line":9,"column":8237},"end":{"line":9,"column":8378}},"type":"cond-expr","locations":[{"start":{"line":9,"column":8260},"end":{"line":9,"column":8331}},{"start":{"line":9,"column":8335},"end":{"line":9,"column":8378}}],"line":9},"79":{"loc":{"start":{"line":9,"column":8335},"end":{"line":9,"column":8378}},"type":"binary-expr","locations":[{"start":{"line":9,"column":8335},"end":{"line":9,"column":8354}},{"start":{"line":9,"column":8358},"end":{"line":9,"column":8359}},{"start":{"line":9,"column":8364},"end":{"line":9,"column":8377}}],"line":9},"80":{"loc":{"start":{"line":9,"column":8499},"end":{"line":9,"column":8591}},"type":"if","locations":[{"start":{"line":9,"column":8499},"end":{"line":9,"column":8591}},{"start":{},"end":{}}],"line":9},"81":{"loc":{"start":{"line":9,"column":8711},"end":{"line":9,"column":8827}},"type":"if","locations":[{"start":{"line":9,"column":8711},"end":{"line":9,"column":8827}},{"start":{},"end":{}}],"line":9},"82":{"loc":{"start":{"line":9,"column":8755},"end":{"line":9,"column":8815}},"type":"if","locations":[{"start":{"line":9,"column":8755},"end":{"line":9,"column":8815}},{"start":{},"end":{}}],"line":9},"83":{"loc":{"start":{"line":9,"column":8995},"end":{"line":9,"column":9035}},"type":"binary-expr","locations":[{"start":{"line":9,"column":8995},"end":{"line":9,"column":9017}},{"start":{"line":9,"column":9022},"end":{"line":9,"column":9034}}],"line":9},"84":{"loc":{"start":{"line":10,"column":121},"end":{"line":10,"column":166}},"type":"cond-expr","locations":[{"start":{"line":10,"column":130},"end":{"line":10,"column":134}},{"start":{"line":10,"column":137},"end":{"line":10,"column":166}}],"line":10},"85":{"loc":{"start":{"line":12,"column":14},"end":{"line":12,"column":69}},"type":"cond-expr","locations":[{"start":{"line":12,"column":48},"end":{"line":12,"column":57}},{"start":{"line":12,"column":60},"end":{"line":12,"column":69}}],"line":12},"86":{"loc":{"start":{"line":17,"column":16},"end":{"line":35,"column":7}},"type":"switch","locations":[{"start":{"line":18,"column":8},"end":{"line":20,"column":92}},{"start":{"line":21,"column":8},"end":{"line":27,"column":13}},{"start":{"line":28,"column":8},"end":{"line":31,"column":51}},{"start":{"line":32,"column":8},"end":{"line":32,"column":15}},{"start":{"line":33,"column":8},"end":{"line":34,"column":33}}],"line":17}},"s":{"0":0,"1":0,"2":0,"3":1,"4":1,"5":1,"6":1,"7":2,"8":1,"9":1,"10":1,"11":1,"12":0,"13":1,"14":1,"15":1,"16":1,"17":13,"18":1,"19":1,"20":0,"21":0,"22":2,"23":2,"24":2,"25":2,"26":8,"27":8,"28":0,"29":1,"30":1,"31":1,"32":1,"33":1,"34":1,"35":1,"36":1,"37":0,"38":1,"39":1,"40":1,"41":1,"42":2,"43":6,"44":6,"45":0,"46":0,"47":0,"48":0,"49":0,"50":0,"51":0,"52":0,"53":0,"54":0,"55":0,"56":0,"57":0,"58":0,"59":2,"60":2,"61":6,"62":0,"63":6,"64":0,"65":0,"66":0,"67":6,"68":8,"69":8,"70":0,"71":0,"72":0,"73":0,"74":0,"75":8,"76":6,"77":2,"78":0,"79":0,"80":0,"81":2,"82":8,"83":8,"84":8,"85":8,"86":2,"87":6,"88":0,"89":0,"90":0,"91":0,"92":0,"93":0,"94":0,"95":0,"96":0,"97":0,"98":0,"99":0,"100":2,"101":2,"102":2,"103":1,"104":1,"105":1,"106":1,"107":0,"108":0,"109":0,"110":0,"111":0,"112":0,"113":0,"114":0,"115":0,"116":0,"117":0,"118":1,"119":0,"120":0,"121":1,"122":0,"123":0,"124":0,"125":0,"126":0,"127":0,"128":0,"129":0,"130":0,"131":0,"132":0,"133":0,"134":0,"135":0,"136":0,"137":0,"138":0,"139":0,"140":2,"141":0,"142":0,"143":2,"144":2,"145":2,"146":0,"147":2,"148":0,"149":0,"150":0,"151":0,"152":0,"153":0,"154":0,"155":0,"156":0,"157":0,"158":0,"159":0,"160":0,"161":0,"162":0,"163":0,"164":0,"165":0,"166":0,"167":0,"168":0,"169":0,"170":0,"171":0,"172":0,"173":4,"174":4,"175":4,"176":4,"177":0,"178":0,"179":4,"180":4,"181":4,"182":4,"183":0,"184":4,"185":0,"186":0,"187":0,"188":0,"189":0,"190":0,"191":0,"192":0,"193":0,"194":0,"195":0,"196":0,"197":0,"198":0,"199":0,"200":0,"201":6,"202":6,"203":6,"204":0,"205":6,"206":1,"207":2,"208":2,"209":2,"210":2,"211":6,"212":0,"213":2,"214":1,"215":1,"216":1,"217":2,"218":8,"219":8,"220":2,"221":2,"222":2,"223":2,"224":2,"225":2,"226":2,"227":2,"228":2,"229":2,"230":1,"231":2,"232":1},"f":{"0":0,"1":0,"2":0,"3":1,"4":2,"5":0,"6":13,"7":0,"8":2,"9":8,"10":0,"11":0,"12":0,"13":0,"14":2,"15":6,"16":6,"17":0,"18":0,"19":0,"20":0,"21":0,"22":0,"23":0,"24":0,"25":0,"26":2,"27":6,"28":0,"29":0,"30":2,"31":2,"32":1,"33":0,"34":0,"35":1,"36":0,"37":0,"38":0,"39":0,"40":0,"41":0,"42":0,"43":0,"44":2,"45":2,"46":0,"47":0,"48":4,"49":4,"50":0,"51":0,"52":0,"53":6,"54":1,"55":2,"56":2,"57":6,"58":0,"59":1,"60":2,"61":8,"62":2},"b":{"0":[0,0],"1":[0,0],"2":[0,0],"3":[0,0,0,0],"4":[1,0],"5":[1,0],"6":[1,0],"7":[1,0],"8":[1,0],"9":[2,0],"10":[2,2],"11":[2,2],"12":[1,1],"13":[1,1,1,1],"14":[0,0],"15":[0,0],"16":[0,0,0],"17":[0,0],"18":[0,6],"19":[0,6],"20":[0,0],"21":[0,8],"22":[0,0],"23":[0,0],"24":[6,2],"25":[0,2],"26":[0,0],"27":[2,2],"28":[8,0],"29":[2,6],"30":[2,6],"31":[0,0],"32":[0,0],"33":[0,0,0,0,0],"34":[0,0],"35":[0,0],"36":[0,0],"37":[0,0],"38":[0,0],"39":[0,0],"40":[2,2],"41":[1,0],"42":[1,0],"43":[1,0],"44":[0,0],"45":[0,0],"46":[0,0],"47":[0,0],"48":[0,0,0],"49":[0,0],"50":[1,0],"51":[0,0],"52":[0,0],"53":[0,0],"54":[0,0],"55":[0,2],"56":[0,0,0,0],"57":[0,2],"58":[0,0],"59":[0,0],"60":[0,0],"61":[0,0],"62":[0,0],"63":[0,0],"64":[0,0],"65":[0,0],"66":[0,0],"67":[0,0],"68":[0,0],"69":[0,0],"70":[0,4],"71":[4,0,0],"72":[4,0,0,0,0,0],"73":[0,4],"74":[0,4],"75":[0,4],"76":[0,4],"77":[4,4],"78":[4,0],"79":[0,0,0],"80":[0,0],"81":[0,0],"82":[0,0],"83":[0,0],"84":[2,4],"85":[1,0],"86":[2,2,2,0,2]},"inputSourceMap":{"version":3,"names":["_mongodb","require","_regeneratorRuntime","e","t","r","Object","prototype","n","hasOwnProperty","o","defineProperty","value","i","Symbol","a","iterator","c","asyncIterator","u","toStringTag","define","enumerable","configurable","writable","wrap","Generator","create","Context","makeInvokeMethod","tryCatch","type","arg","call","h","l","f","s","y","GeneratorFunction","GeneratorFunctionPrototype","p","d","getPrototypeOf","v","values","g","defineIteratorMethods","forEach","_invoke","AsyncIterator","invoke","_typeof","resolve","__await","then","callInvokeWithMethodAndArg","Error","done","method","delegate","maybeInvokeDelegate","sent","_sent","dispatchException","abrupt","TypeError","resultName","next","nextLoc","pushTryEntry","tryLoc","catchLoc","finallyLoc","afterLoc","tryEntries","push","resetTryEntry","completion","reset","isNaN","length","displayName","isGeneratorFunction","constructor","name","mark","setPrototypeOf","__proto__","awrap","async","Promise","keys","reverse","pop","prev","charAt","slice","stop","rval","handle","complete","finish","_catch","delegateYield","asyncGeneratorStep","_asyncToGenerator","arguments","apply","_next","_throw","DB_NAME","process","env","NODE_ENV","getUserByUsername","exports","_ref","_callee","username","client","db","result","_callee$","_context","MongoClient","connect","concat","collection","findOne","close","_x","_default"],"sourceRoot":"/Users/john.hancock/Desktop/training/test-driven-development/tdd-server-integration-testing/src/","sources":["db.js"],"sourcesContent":["import {MongoClient} from 'mongodb';\n\nconst DB_NAME = process.env.NODE_ENV === 'test'\n  ? 'TEST_DB'\n  : 'PROD_DB'\n\nexport const getUserByUsername = async username => {\n  const client = await MongoClient.connect(\n    `mongodb://localhost:27017/${DB_NAME}`,\n  );\n\n  const db = client.db(DB_NAME);\n\n  const result = await db.collection('users').findOne({ username });\n\n  client.close();\n\n  return result;\n}\n\nexport default {\n  getUserByUsername\n}"],"mappings":";;;;;;;AAAA,IAAAA,QAAA,GAAAC,OAAA;AAAoC,SAAAC,oBAAA,kBACpC,qJAAAA,mBAAA,YAAAA,oBAAA,WAAAC,CAAA,SAAAC,CAAA,EAAAD,CAAA,OAAAE,CAAA,GAAAC,MAAA,CAAAC,SAAA,EAAAC,CAAA,GAAAH,CAAA,CAAAI,cAAA,EAAAC,CAAA,GAAAJ,MAAA,CAAAK,cAAA,cAAAP,CAAA,EAAAD,CAAA,EAAAE,CAAA,IAAAD,CAAA,CAAAD,CAAA,IAAAE,CAAA,CAAAO,KAAA,KAAAC,CAAA,wBAAAC,MAAA,GAAAA,MAAA,OAAAC,CAAA,GAAAF,CAAA,CAAAG,QAAA,kBAAAC,CAAA,GAAAJ,CAAA,CAAAK,aAAA,uBAAAC,CAAA,GAAAN,CAAA,CAAAO,WAAA,8BAAAC,OAAAjB,CAAA,EAAAD,CAAA,EAAAE,CAAA,WAAAC,MAAA,CAAAK,cAAA,CAAAP,CAAA,EAAAD,CAAA,IAAAS,KAAA,EAAAP,CAAA,EAAAiB,UAAA,MAAAC,YAAA,MAAAC,QAAA,SAAApB,CAAA,CAAAD,CAAA,WAAAkB,MAAA,mBAAAjB,CAAA,IAAAiB,MAAA,YAAAA,OAAAjB,CAAA,EAAAD,CAAA,EAAAE,CAAA,WAAAD,CAAA,CAAAD,CAAA,IAAAE,CAAA,gBAAAoB,KAAArB,CAAA,EAAAD,CAAA,EAAAE,CAAA,EAAAG,CAAA,QAAAK,CAAA,GAAAV,CAAA,IAAAA,CAAA,CAAAI,SAAA,YAAAmB,SAAA,GAAAvB,CAAA,GAAAuB,SAAA,EAAAX,CAAA,GAAAT,MAAA,CAAAqB,MAAA,CAAAd,CAAA,CAAAN,SAAA,GAAAU,CAAA,OAAAW,OAAA,CAAApB,CAAA,gBAAAE,CAAA,CAAAK,CAAA,eAAAH,KAAA,EAAAiB,gBAAA,CAAAzB,CAAA,EAAAC,CAAA,EAAAY,CAAA,MAAAF,CAAA,aAAAe,SAAA1B,CAAA,EAAAD,CAAA,EAAAE,CAAA,mBAAA0B,IAAA,YAAAC,GAAA,EAAA5B,CAAA,CAAA6B,IAAA,CAAA9B,CAAA,EAAAE,CAAA,cAAAD,CAAA,aAAA2B,IAAA,WAAAC,GAAA,EAAA5B,CAAA,QAAAD,CAAA,CAAAsB,IAAA,GAAAA,IAAA,MAAAS,CAAA,qBAAAC,CAAA,qBAAAC,CAAA,gBAAAC,CAAA,gBAAAC,CAAA,gBAAAZ,UAAA,cAAAa,kBAAA,cAAAC,2BAAA,SAAAC,CAAA,OAAApB,MAAA,CAAAoB,CAAA,EAAA1B,CAAA,qCAAA2B,CAAA,GAAApC,MAAA,CAAAqC,cAAA,EAAAC,CAAA,GAAAF,CAAA,IAAAA,CAAA,CAAAA,CAAA,CAAAG,MAAA,QAAAD,CAAA,IAAAA,CAAA,KAAAvC,CAAA,IAAAG,CAAA,CAAAyB,IAAA,CAAAW,CAAA,EAAA7B,CAAA,MAAA0B,CAAA,GAAAG,CAAA,OAAAE,CAAA,GAAAN,0BAAA,CAAAjC,SAAA,GAAAmB,SAAA,CAAAnB,SAAA,GAAAD,MAAA,CAAAqB,MAAA,CAAAc,CAAA,YAAAM,sBAAA3C,CAAA,gCAAA4C,OAAA,WAAA7C,CAAA,IAAAkB,MAAA,CAAAjB,CAAA,EAAAD,CAAA,YAAAC,CAAA,gBAAA6C,OAAA,CAAA9C,CAAA,EAAAC,CAAA,sBAAA8C,cAAA9C,CAAA,EAAAD,CAAA,aAAAgD,OAAA9C,CAAA,EAAAK,CAAA,EAAAG,CAAA,EAAAE,CAAA,QAAAE,CAAA,GAAAa,QAAA,CAAA1B,CAAA,CAAAC,CAAA,GAAAD,CAAA,EAAAM,CAAA,mBAAAO,CAAA,CAAAc,IAAA,QAAAZ,CAAA,GAAAF,CAAA,CAAAe,GAAA,EAAAE,CAAA,GAAAf,CAAA,CAAAP,KAAA,SAAAsB,CAAA,gBAAAkB,OAAA,CAAAlB,CAAA,KAAA1B,CAAA,CAAAyB,IAAA,CAAAC,CAAA,eAAA/B,CAAA,CAAAkD,OAAA,CAAAnB,CAAA,CAAAoB,OAAA,EAAAC,IAAA,WAAAnD,CAAA,IAAA+C,MAAA,SAAA/C,CAAA,EAAAS,CAAA,EAAAE,CAAA,gBAAAX,CAAA,IAAA+C,MAAA,UAAA/C,CAAA,EAAAS,CAAA,EAAAE,CAAA,QAAAZ,CAAA,CAAAkD,OAAA,CAAAnB,CAAA,EAAAqB,IAAA,WAAAnD,CAAA,IAAAe,CAAA,CAAAP,KAAA,GAAAR,CAAA,EAAAS,CAAA,CAAAM,CAAA,gBAAAf,CAAA,WAAA+C,MAAA,UAAA/C,CAAA,EAAAS,CAAA,EAAAE,CAAA,SAAAA,CAAA,CAAAE,CAAA,CAAAe,GAAA,SAAA3B,CAAA,EAAAK,CAAA,oBAAAE,KAAA,WAAAA,MAAAR,CAAA,EAAAI,CAAA,aAAAgD,2BAAA,eAAArD,CAAA,WAAAA,CAAA,EAAAE,CAAA,IAAA8C,MAAA,CAAA/C,CAAA,EAAAI,CAAA,EAAAL,CAAA,EAAAE,CAAA,gBAAAA,CAAA,GAAAA,CAAA,GAAAA,CAAA,CAAAkD,IAAA,CAAAC,0BAAA,EAAAA,0BAAA,IAAAA,0BAAA,qBAAA3B,iBAAA1B,CAAA,EAAAE,CAAA,EAAAG,CAAA,QAAAE,CAAA,GAAAwB,CAAA,mBAAArB,CAAA,EAAAE,CAAA,QAAAL,CAAA,KAAA0B,CAAA,QAAAqB,KAAA,sCAAA/C,CAAA,KAAA2B,CAAA,oBAAAxB,CAAA,QAAAE,CAAA,WAAAH,KAAA,EAAAR,CAAA,EAAAsD,IAAA,eAAAlD,CAAA,CAAAmD,MAAA,GAAA9C,CAAA,EAAAL,CAAA,CAAAwB,GAAA,GAAAjB,CAAA,UAAAE,CAAA,GAAAT,CAAA,CAAAoD,QAAA,MAAA3C,CAAA,QAAAE,CAAA,GAAA0C,mBAAA,CAAA5C,CAAA,EAAAT,CAAA,OAAAW,CAAA,QAAAA,CAAA,KAAAmB,CAAA,mBAAAnB,CAAA,qBAAAX,CAAA,CAAAmD,MAAA,EAAAnD,CAAA,CAAAsD,IAAA,GAAAtD,CAAA,CAAAuD,KAAA,GAAAvD,CAAA,CAAAwB,GAAA,sBAAAxB,CAAA,CAAAmD,MAAA,QAAAjD,CAAA,KAAAwB,CAAA,QAAAxB,CAAA,GAAA2B,CAAA,EAAA7B,CAAA,CAAAwB,GAAA,EAAAxB,CAAA,CAAAwD,iBAAA,CAAAxD,CAAA,CAAAwB,GAAA,uBAAAxB,CAAA,CAAAmD,MAAA,IAAAnD,CAAA,CAAAyD,MAAA,WAAAzD,CAAA,CAAAwB,GAAA,GAAAtB,CAAA,GAAA0B,CAAA,MAAAK,CAAA,GAAAX,QAAA,CAAA3B,CAAA,EAAAE,CAAA,EAAAG,CAAA,oBAAAiC,CAAA,CAAAV,IAAA,QAAArB,CAAA,GAAAF,CAAA,CAAAkD,IAAA,GAAArB,CAAA,GAAAF,CAAA,EAAAM,CAAA,CAAAT,GAAA,KAAAM,CAAA,qBAAA1B,KAAA,EAAA6B,CAAA,CAAAT,GAAA,EAAA0B,IAAA,EAAAlD,CAAA,CAAAkD,IAAA,kBAAAjB,CAAA,CAAAV,IAAA,KAAArB,CAAA,GAAA2B,CAAA,EAAA7B,CAAA,CAAAmD,MAAA,YAAAnD,CAAA,CAAAwB,GAAA,GAAAS,CAAA,CAAAT,GAAA,mBAAA6B,oBAAA1D,CAAA,EAAAE,CAAA,QAAAG,CAAA,GAAAH,CAAA,CAAAsD,MAAA,EAAAjD,CAAA,GAAAP,CAAA,CAAAa,QAAA,CAAAR,CAAA,OAAAE,CAAA,KAAAN,CAAA,SAAAC,CAAA,CAAAuD,QAAA,qBAAApD,CAAA,IAAAL,CAAA,CAAAa,QAAA,eAAAX,CAAA,CAAAsD,MAAA,aAAAtD,CAAA,CAAA2B,GAAA,GAAA5B,CAAA,EAAAyD,mBAAA,CAAA1D,CAAA,EAAAE,CAAA,eAAAA,CAAA,CAAAsD,MAAA,kBAAAnD,CAAA,KAAAH,CAAA,CAAAsD,MAAA,YAAAtD,CAAA,CAAA2B,GAAA,OAAAkC,SAAA,uCAAA1D,CAAA,iBAAA8B,CAAA,MAAAzB,CAAA,GAAAiB,QAAA,CAAApB,CAAA,EAAAP,CAAA,CAAAa,QAAA,EAAAX,CAAA,CAAA2B,GAAA,mBAAAnB,CAAA,CAAAkB,IAAA,SAAA1B,CAAA,CAAAsD,MAAA,YAAAtD,CAAA,CAAA2B,GAAA,GAAAnB,CAAA,CAAAmB,GAAA,EAAA3B,CAAA,CAAAuD,QAAA,SAAAtB,CAAA,MAAAvB,CAAA,GAAAF,CAAA,CAAAmB,GAAA,SAAAjB,CAAA,GAAAA,CAAA,CAAA2C,IAAA,IAAArD,CAAA,CAAAF,CAAA,CAAAgE,UAAA,IAAApD,CAAA,CAAAH,KAAA,EAAAP,CAAA,CAAA+D,IAAA,GAAAjE,CAAA,CAAAkE,OAAA,eAAAhE,CAAA,CAAAsD,MAAA,KAAAtD,CAAA,CAAAsD,MAAA,WAAAtD,CAAA,CAAA2B,GAAA,GAAA5B,CAAA,GAAAC,CAAA,CAAAuD,QAAA,SAAAtB,CAAA,IAAAvB,CAAA,IAAAV,CAAA,CAAAsD,MAAA,YAAAtD,CAAA,CAAA2B,GAAA,OAAAkC,SAAA,sCAAA7D,CAAA,CAAAuD,QAAA,SAAAtB,CAAA,cAAAgC,aAAAlE,CAAA,QAAAD,CAAA,KAAAoE,MAAA,EAAAnE,CAAA,YAAAA,CAAA,KAAAD,CAAA,CAAAqE,QAAA,GAAApE,CAAA,WAAAA,CAAA,KAAAD,CAAA,CAAAsE,UAAA,GAAArE,CAAA,KAAAD,CAAA,CAAAuE,QAAA,GAAAtE,CAAA,WAAAuE,UAAA,CAAAC,IAAA,CAAAzE,CAAA,cAAA0E,cAAAzE,CAAA,QAAAD,CAAA,GAAAC,CAAA,CAAA0E,UAAA,QAAA3E,CAAA,CAAA4B,IAAA,oBAAA5B,CAAA,CAAA6B,GAAA,EAAA5B,CAAA,CAAA0E,UAAA,GAAA3E,CAAA,aAAAyB,QAAAxB,CAAA,SAAAuE,UAAA,MAAAJ,MAAA,aAAAnE,CAAA,CAAA4C,OAAA,CAAAsB,YAAA,cAAAS,KAAA,iBAAAlC,OAAA1C,CAAA,QAAAA,CAAA,WAAAA,CAAA,QAAAE,CAAA,GAAAF,CAAA,CAAAY,CAAA,OAAAV,CAAA,SAAAA,CAAA,CAAA4B,IAAA,CAAA9B,CAAA,4BAAAA,CAAA,CAAAiE,IAAA,SAAAjE,CAAA,OAAA6E,KAAA,CAAA7E,CAAA,CAAA8E,MAAA,SAAAvE,CAAA,OAAAG,CAAA,YAAAuD,KAAA,aAAA1D,CAAA,GAAAP,CAAA,CAAA8E,MAAA,OAAAzE,CAAA,CAAAyB,IAAA,CAAA9B,CAAA,EAAAO,CAAA,UAAA0D,IAAA,CAAAxD,KAAA,GAAAT,CAAA,CAAAO,CAAA,GAAA0D,IAAA,CAAAV,IAAA,OAAAU,IAAA,SAAAA,IAAA,CAAAxD,KAAA,GAAAR,CAAA,EAAAgE,IAAA,CAAAV,IAAA,OAAAU,IAAA,YAAAvD,CAAA,CAAAuD,IAAA,GAAAvD,CAAA,gBAAAqD,SAAA,CAAAd,OAAA,CAAAjD,CAAA,kCAAAoC,iBAAA,CAAAhC,SAAA,GAAAiC,0BAAA,EAAA9B,CAAA,CAAAoC,CAAA,mBAAAlC,KAAA,EAAA4B,0BAAA,EAAAjB,YAAA,SAAAb,CAAA,CAAA8B,0BAAA,mBAAA5B,KAAA,EAAA2B,iBAAA,EAAAhB,YAAA,SAAAgB,iBAAA,CAAA2C,WAAA,GAAA7D,MAAA,CAAAmB,0BAAA,EAAArB,CAAA,wBAAAhB,CAAA,CAAAgF,mBAAA,aAAA/E,CAAA,QAAAD,CAAA,wBAAAC,CAAA,IAAAA,CAAA,CAAAgF,WAAA,WAAAjF,CAAA,KAAAA,CAAA,KAAAoC,iBAAA,6BAAApC,CAAA,CAAA+E,WAAA,IAAA/E,CAAA,CAAAkF,IAAA,OAAAlF,CAAA,CAAAmF,IAAA,aAAAlF,CAAA,WAAAE,MAAA,CAAAiF,cAAA,GAAAjF,MAAA,CAAAiF,cAAA,CAAAnF,CAAA,EAAAoC,0BAAA,KAAApC,CAAA,CAAAoF,SAAA,GAAAhD,0BAAA,EAAAnB,MAAA,CAAAjB,CAAA,EAAAe,CAAA,yBAAAf,CAAA,CAAAG,SAAA,GAAAD,MAAA,CAAAqB,MAAA,CAAAmB,CAAA,GAAA1C,CAAA,KAAAD,CAAA,CAAAsF,KAAA,aAAArF,CAAA,aAAAkD,OAAA,EAAAlD,CAAA,OAAA2C,qBAAA,CAAAG,aAAA,CAAA3C,SAAA,GAAAc,MAAA,CAAA6B,aAAA,CAAA3C,SAAA,EAAAU,CAAA,iCAAAd,CAAA,CAAA+C,aAAA,GAAAA,aAAA,EAAA/C,CAAA,CAAAuF,KAAA,aAAAtF,CAAA,EAAAC,CAAA,EAAAG,CAAA,EAAAE,CAAA,EAAAG,CAAA,eAAAA,CAAA,KAAAA,CAAA,GAAA8E,OAAA,OAAA5E,CAAA,OAAAmC,aAAA,CAAAzB,IAAA,CAAArB,CAAA,EAAAC,CAAA,EAAAG,CAAA,EAAAE,CAAA,GAAAG,CAAA,UAAAV,CAAA,CAAAgF,mBAAA,CAAA9E,CAAA,IAAAU,CAAA,GAAAA,CAAA,CAAAqD,IAAA,GAAAb,IAAA,WAAAnD,CAAA,WAAAA,CAAA,CAAAsD,IAAA,GAAAtD,CAAA,CAAAQ,KAAA,GAAAG,CAAA,CAAAqD,IAAA,WAAArB,qBAAA,CAAAD,CAAA,GAAAzB,MAAA,CAAAyB,CAAA,EAAA3B,CAAA,gBAAAE,MAAA,CAAAyB,CAAA,EAAA/B,CAAA,iCAAAM,MAAA,CAAAyB,CAAA,6DAAA3C,CAAA,CAAAyF,IAAA,aAAAxF,CAAA,QAAAD,CAAA,GAAAG,MAAA,CAAAF,CAAA,GAAAC,CAAA,gBAAAG,CAAA,IAAAL,CAAA,EAAAE,CAAA,CAAAuE,IAAA,CAAApE,CAAA,UAAAH,CAAA,CAAAwF,OAAA,aAAAzB,KAAA,WAAA/D,CAAA,CAAA4E,MAAA,SAAA7E,CAAA,GAAAC,CAAA,CAAAyF,GAAA,QAAA1F,CAAA,IAAAD,CAAA,SAAAiE,IAAA,CAAAxD,KAAA,GAAAR,CAAA,EAAAgE,IAAA,CAAAV,IAAA,OAAAU,IAAA,WAAAA,IAAA,CAAAV,IAAA,OAAAU,IAAA,QAAAjE,CAAA,CAAA0C,MAAA,GAAAA,MAAA,EAAAjB,OAAA,CAAArB,SAAA,KAAA6E,WAAA,EAAAxD,OAAA,EAAAmD,KAAA,WAAAA,MAAA5E,CAAA,aAAA4F,IAAA,WAAA3B,IAAA,WAAAN,IAAA,QAAAC,KAAA,GAAA3D,CAAA,OAAAsD,IAAA,YAAAE,QAAA,cAAAD,MAAA,gBAAA3B,GAAA,GAAA5B,CAAA,OAAAuE,UAAA,CAAA3B,OAAA,CAAA6B,aAAA,IAAA1E,CAAA,WAAAE,CAAA,kBAAAA,CAAA,CAAA2F,MAAA,OAAAxF,CAAA,CAAAyB,IAAA,OAAA5B,CAAA,MAAA2E,KAAA,EAAA3E,CAAA,CAAA4F,KAAA,cAAA5F,CAAA,IAAAD,CAAA,MAAA8F,IAAA,WAAAA,KAAA,SAAAxC,IAAA,WAAAtD,CAAA,QAAAuE,UAAA,IAAAG,UAAA,kBAAA1E,CAAA,CAAA2B,IAAA,QAAA3B,CAAA,CAAA4B,GAAA,cAAAmE,IAAA,KAAAnC,iBAAA,WAAAA,kBAAA7D,CAAA,aAAAuD,IAAA,QAAAvD,CAAA,MAAAE,CAAA,kBAAA+F,OAAA5F,CAAA,EAAAE,CAAA,WAAAK,CAAA,CAAAgB,IAAA,YAAAhB,CAAA,CAAAiB,GAAA,GAAA7B,CAAA,EAAAE,CAAA,CAAA+D,IAAA,GAAA5D,CAAA,EAAAE,CAAA,KAAAL,CAAA,CAAAsD,MAAA,WAAAtD,CAAA,CAAA2B,GAAA,GAAA5B,CAAA,KAAAM,CAAA,aAAAA,CAAA,QAAAiE,UAAA,CAAAM,MAAA,MAAAvE,CAAA,SAAAA,CAAA,QAAAG,CAAA,QAAA8D,UAAA,CAAAjE,CAAA,GAAAK,CAAA,GAAAF,CAAA,CAAAiE,UAAA,iBAAAjE,CAAA,CAAA0D,MAAA,SAAA6B,MAAA,aAAAvF,CAAA,CAAA0D,MAAA,SAAAwB,IAAA,QAAA9E,CAAA,GAAAT,CAAA,CAAAyB,IAAA,CAAApB,CAAA,eAAAM,CAAA,GAAAX,CAAA,CAAAyB,IAAA,CAAApB,CAAA,qBAAAI,CAAA,IAAAE,CAAA,aAAA4E,IAAA,GAAAlF,CAAA,CAAA2D,QAAA,SAAA4B,MAAA,CAAAvF,CAAA,CAAA2D,QAAA,gBAAAuB,IAAA,GAAAlF,CAAA,CAAA4D,UAAA,SAAA2B,MAAA,CAAAvF,CAAA,CAAA4D,UAAA,cAAAxD,CAAA,aAAA8E,IAAA,GAAAlF,CAAA,CAAA2D,QAAA,SAAA4B,MAAA,CAAAvF,CAAA,CAAA2D,QAAA,qBAAArD,CAAA,QAAAsC,KAAA,qDAAAsC,IAAA,GAAAlF,CAAA,CAAA4D,UAAA,SAAA2B,MAAA,CAAAvF,CAAA,CAAA4D,UAAA,YAAAR,MAAA,WAAAA,OAAA7D,CAAA,EAAAD,CAAA,aAAAE,CAAA,QAAAsE,UAAA,CAAAM,MAAA,MAAA5E,CAAA,SAAAA,CAAA,QAAAK,CAAA,QAAAiE,UAAA,CAAAtE,CAAA,OAAAK,CAAA,CAAA6D,MAAA,SAAAwB,IAAA,IAAAvF,CAAA,CAAAyB,IAAA,CAAAvB,CAAA,wBAAAqF,IAAA,GAAArF,CAAA,CAAA+D,UAAA,QAAA5D,CAAA,GAAAH,CAAA,aAAAG,CAAA,iBAAAT,CAAA,mBAAAA,CAAA,KAAAS,CAAA,CAAA0D,MAAA,IAAApE,CAAA,IAAAA,CAAA,IAAAU,CAAA,CAAA4D,UAAA,KAAA5D,CAAA,cAAAE,CAAA,GAAAF,CAAA,GAAAA,CAAA,CAAAiE,UAAA,cAAA/D,CAAA,CAAAgB,IAAA,GAAA3B,CAAA,EAAAW,CAAA,CAAAiB,GAAA,GAAA7B,CAAA,EAAAU,CAAA,SAAA8C,MAAA,gBAAAS,IAAA,GAAAvD,CAAA,CAAA4D,UAAA,EAAAnC,CAAA,SAAA+D,QAAA,CAAAtF,CAAA,MAAAsF,QAAA,WAAAA,SAAAjG,CAAA,EAAAD,CAAA,oBAAAC,CAAA,CAAA2B,IAAA,QAAA3B,CAAA,CAAA4B,GAAA,qBAAA5B,CAAA,CAAA2B,IAAA,mBAAA3B,CAAA,CAAA2B,IAAA,QAAAqC,IAAA,GAAAhE,CAAA,CAAA4B,GAAA,gBAAA5B,CAAA,CAAA2B,IAAA,SAAAoE,IAAA,QAAAnE,GAAA,GAAA5B,CAAA,CAAA4B,GAAA,OAAA2B,MAAA,kBAAAS,IAAA,yBAAAhE,CAAA,CAAA2B,IAAA,IAAA5B,CAAA,UAAAiE,IAAA,GAAAjE,CAAA,GAAAmC,CAAA,KAAAgE,MAAA,WAAAA,OAAAlG,CAAA,aAAAD,CAAA,QAAAwE,UAAA,CAAAM,MAAA,MAAA9E,CAAA,SAAAA,CAAA,QAAAE,CAAA,QAAAsE,UAAA,CAAAxE,CAAA,OAAAE,CAAA,CAAAoE,UAAA,KAAArE,CAAA,cAAAiG,QAAA,CAAAhG,CAAA,CAAAyE,UAAA,EAAAzE,CAAA,CAAAqE,QAAA,GAAAG,aAAA,CAAAxE,CAAA,GAAAiC,CAAA,yBAAAiE,OAAAnG,CAAA,aAAAD,CAAA,QAAAwE,UAAA,CAAAM,MAAA,MAAA9E,CAAA,SAAAA,CAAA,QAAAE,CAAA,QAAAsE,UAAA,CAAAxE,CAAA,OAAAE,CAAA,CAAAkE,MAAA,KAAAnE,CAAA,QAAAI,CAAA,GAAAH,CAAA,CAAAyE,UAAA,kBAAAtE,CAAA,CAAAuB,IAAA,QAAArB,CAAA,GAAAF,CAAA,CAAAwB,GAAA,EAAA6C,aAAA,CAAAxE,CAAA,YAAAK,CAAA,YAAA+C,KAAA,8BAAA+C,aAAA,WAAAA,cAAArG,CAAA,EAAAE,CAAA,EAAAG,CAAA,gBAAAoD,QAAA,KAAA5C,QAAA,EAAA6B,MAAA,CAAA1C,CAAA,GAAAgE,UAAA,EAAA9D,CAAA,EAAAgE,OAAA,EAAA7D,CAAA,oBAAAmD,MAAA,UAAA3B,GAAA,GAAA5B,CAAA,GAAAkC,CAAA,OAAAnC,CAAA;AAAA,SAAAsG,mBAAAjG,CAAA,EAAAJ,CAAA,EAAAD,CAAA,EAAAE,CAAA,EAAAK,CAAA,EAAAK,CAAA,EAAAE,CAAA,cAAAJ,CAAA,GAAAL,CAAA,CAAAO,CAAA,EAAAE,CAAA,GAAAE,CAAA,GAAAN,CAAA,CAAAD,KAAA,WAAAJ,CAAA,gBAAAL,CAAA,CAAAK,CAAA,KAAAK,CAAA,CAAA6C,IAAA,GAAAtD,CAAA,CAAAe,CAAA,IAAAwE,OAAA,CAAAtC,OAAA,CAAAlC,CAAA,EAAAoC,IAAA,CAAAlD,CAAA,EAAAK,CAAA;AAAA,SAAAgG,kBAAAlG,CAAA,6BAAAJ,CAAA,SAAAD,CAAA,GAAAwG,SAAA,aAAAhB,OAAA,WAAAtF,CAAA,EAAAK,CAAA,QAAAK,CAAA,GAAAP,CAAA,CAAAoG,KAAA,CAAAxG,CAAA,EAAAD,CAAA,YAAA0G,MAAArG,CAAA,IAAAiG,kBAAA,CAAA1F,CAAA,EAAAV,CAAA,EAAAK,CAAA,EAAAmG,KAAA,EAAAC,MAAA,UAAAtG,CAAA,cAAAsG,OAAAtG,CAAA,IAAAiG,kBAAA,CAAA1F,CAAA,EAAAV,CAAA,EAAAK,CAAA,EAAAmG,KAAA,EAAAC,MAAA,WAAAtG,CAAA,KAAAqG,KAAA;AACA,IAAME,OAAO,GAAGC,OAAO,CAACC,GAAG,CAACC,QAAQ,KAAK,MAAM,GAC3C,SAAS,GACT,SAAS;AAEN,IAAMC,iBAAiB,GAAAC,OAAA,CAAAD,iBAAA;EAAA,IAAAE,IAAA,GAAAX,iBAAA,cAAAxG,mBAAA,GAAAoF,IAAA,CAAG,SAAAgC,QAAMC,QAAQ;IAAA,IAAAC,MAAA,EAAAC,EAAA,EAAAC,MAAA;IAAA,OAAAxH,mBAAA,GAAAuB,IAAA,UAAAkG,SAAAC,QAAA;MAAA,kBAAAA,QAAA,CAAA7B,IAAA,GAAA6B,QAAA,CAAAxD,IAAA;QAAA;UAAAwD,QAAA,CAAAxD,IAAA;UAAA,OACxByD,oBAAW,CAACC,OAAO,8BAAAC,MAAA,CACThB,OAAO,CACtC,CAAC;QAAA;UAFKS,MAAM,GAAAI,QAAA,CAAA9D,IAAA;UAIN2D,EAAE,GAAGD,MAAM,CAACC,EAAE,CAACV,OAAO,CAAC;UAAAa,QAAA,CAAAxD,IAAA;UAAA,OAERqD,EAAE,CAACO,UAAU,CAAC,OAAO,CAAC,CAACC,OAAO,CAAC;YAAEV,QAAQ,EAARA;UAAS,CAAC,CAAC;QAAA;UAA3DG,MAAM,GAAAE,QAAA,CAAA9D,IAAA;UAEZ0D,MAAM,CAACU,KAAK,CAAC,CAAC;UAAC,OAAAN,QAAA,CAAA3D,MAAA,WAERyD,MAAM;QAAA;QAAA;UAAA,OAAAE,QAAA,CAAA1B,IAAA;MAAA;IAAA,GAAAoB,OAAA;EAAA,CACd;EAAA,gBAZYH,iBAAiBA,CAAAgB,EAAA;IAAA,OAAAd,IAAA,CAAAT,KAAA,OAAAD,SAAA;EAAA;AAAA,GAY7B;AAAA,IAAAyB,QAAA,GAAAhB,OAAA,cAEc;EACbD,iBAAiB,EAAjBA;AACF,CAAC","ignoreList":[]},"_coverageSchema":"1a1c01bbd47fc00a2c39e90264f33305004495a9","hash":"7a94a075daa376bc3642178694571da843dd8d84","contentHash":"330e4fdedf8f9d19808558948fe3bc061e160953aae5782accf6aa61412788fb"},"/Users/john.hancock/Desktop/training/test-driven-development/tdd-server-integration-testing/src/test-helpers.js":{"path":"/Users/john.hancock/Desktop/training/test-driven-development/tdd-server-integration-testing/src/test-helpers.js","statementMap":{"0":{"start":{"line":3,"column":49},"end":{"line":3,"column":316}},"1":{"start":{"line":3,"column":149},"end":{"line":3,"column":165}},"2":{"start":{"line":3,"column":185},"end":{"line":3,"column":301}},"3":{"start":{"line":4,"column":0},"end":{"line":6,"column":3}},"4":{"start":{"line":7,"column":0},"end":{"line":7,"column":83}},"5":{"start":{"line":8,"column":15},"end":{"line":8,"column":33}},"6":{"start":{"line":9,"column":196},"end":{"line":9,"column":263}},"7":{"start":{"line":9,"column":251},"end":{"line":9,"column":260}},"8":{"start":{"line":9,"column":275},"end":{"line":9,"column":277}},"9":{"start":{"line":9,"column":283},"end":{"line":9,"column":299}},"10":{"start":{"line":9,"column":305},"end":{"line":9,"column":321}},"11":{"start":{"line":9,"column":327},"end":{"line":9,"column":390}},"12":{"start":{"line":9,"column":373},"end":{"line":9,"column":388}},"13":{"start":{"line":9,"column":396},"end":{"line":9,"column":437}},"14":{"start":{"line":9,"column":443},"end":{"line":9,"column":469}},"15":{"start":{"line":9,"column":475},"end":{"line":9,"column":511}},"16":{"start":{"line":9,"column":517},"end":{"line":9,"column":549}},"17":{"start":{"line":9,"column":578},"end":{"line":9,"column":681}},"18":{"start":{"line":9,"column":684},"end":{"line":9,"column":777}},"19":{"start":{"line":9,"column":690},"end":{"line":9,"column":705}},"20":{"start":{"line":9,"column":720},"end":{"line":9,"column":775}},"21":{"start":{"line":9,"column":756},"end":{"line":9,"column":772}},"22":{"start":{"line":9,"column":814},"end":{"line":9,"column":867}},"23":{"start":{"line":9,"column":873},"end":{"line":9,"column":899}},"24":{"start":{"line":9,"column":905},"end":{"line":9,"column":925}},"25":{"start":{"line":9,"column":927},"end":{"line":9,"column":991}},"26":{"start":{"line":9,"column":1023},"end":{"line":9,"column":1124}},"27":{"start":{"line":9,"column":1029},"end":{"line":9,"column":1074}},"28":{"start":{"line":9,"column":1089},"end":{"line":9,"column":1122}},"29":{"start":{"line":9,"column":1127},"end":{"line":9,"column":1141}},"30":{"start":{"line":9,"column":1150},"end":{"line":9,"column":1166}},"31":{"start":{"line":9,"column":1172},"end":{"line":9,"column":1188}},"32":{"start":{"line":9,"column":1194},"end":{"line":9,"column":1205}},"33":{"start":{"line":9,"column":1211},"end":{"line":9,"column":1222}},"34":{"start":{"line":9,"column":1228},"end":{"line":9,"column":1230}},"35":{"start":{"line":9,"column":1337},"end":{"line":9,"column":1339}},"36":{"start":{"line":9,"column":1341},"end":{"line":9,"column":1384}},"37":{"start":{"line":9,"column":1368},"end":{"line":9,"column":1380}},"38":{"start":{"line":9,"column":1393},"end":{"line":9,"column":1414}},"39":{"start":{"line":9,"column":1420},"end":{"line":9,"column":1441}},"40":{"start":{"line":9,"column":1443},"end":{"line":9,"column":1483}},"41":{"start":{"line":9,"column":1492},"end":{"line":9,"column":1569}},"42":{"start":{"line":9,"column":1607},"end":{"line":9,"column":1720}},"43":{"start":{"line":9,"column":1658},"end":{"line":9,"column":1716}},"44":{"start":{"line":9,"column":1686},"end":{"line":9,"column":1712}},"45":{"start":{"line":9,"column":1792},"end":{"line":9,"column":1812}},"46":{"start":{"line":9,"column":1814},"end":{"line":9,"column":2152}},"47":{"start":{"line":9,"column":1848},"end":{"line":9,"column":1853}},"48":{"start":{"line":9,"column":1859},"end":{"line":9,"column":1866}},"49":{"start":{"line":9,"column":1868},"end":{"line":9,"column":2150}},"50":{"start":{"line":9,"column":1970},"end":{"line":9,"column":1994}},"51":{"start":{"line":9,"column":2013},"end":{"line":9,"column":2038}},"52":{"start":{"line":9,"column":2077},"end":{"line":9,"column":2095}},"53":{"start":{"line":9,"column":2114},"end":{"line":9,"column":2146}},"54":{"start":{"line":9,"column":2153},"end":{"line":9,"column":2162}},"55":{"start":{"line":9,"column":2172},"end":{"line":9,"column":2435}},"56":{"start":{"line":9,"column":2263},"end":{"line":9,"column":2317}},"57":{"start":{"line":9,"column":2294},"end":{"line":9,"column":2313}},"58":{"start":{"line":9,"column":2320},"end":{"line":9,"column":2429}},"59":{"start":{"line":9,"column":2483},"end":{"line":9,"column":2484}},"60":{"start":{"line":9,"column":2486},"end":{"line":9,"column":3211}},"61":{"start":{"line":9,"column":2511},"end":{"line":9,"column":2568}},"62":{"start":{"line":9,"column":2524},"end":{"line":9,"column":2568}},"63":{"start":{"line":9,"column":2569},"end":{"line":9,"column":2644}},"64":{"start":{"line":9,"column":2584},"end":{"line":9,"column":2611}},"65":{"start":{"line":9,"column":2603},"end":{"line":9,"column":2611}},"66":{"start":{"line":9,"column":2612},"end":{"line":9,"column":2642}},"67":{"start":{"line":9,"column":2645},"end":{"line":9,"column":3208}},"68":{"start":{"line":9,"column":2687},"end":{"line":9,"column":2697}},"69":{"start":{"line":9,"column":2699},"end":{"line":9,"column":2788}},"70":{"start":{"line":9,"column":2716},"end":{"line":9,"column":2741}},"71":{"start":{"line":9,"column":2743},"end":{"line":9,"column":2786}},"72":{"start":{"line":9,"column":2752},"end":{"line":9,"column":2774}},"73":{"start":{"line":9,"column":2765},"end":{"line":9,"column":2774}},"74":{"start":{"line":9,"column":2775},"end":{"line":9,"column":2784}},"75":{"start":{"line":9,"column":2789},"end":{"line":9,"column":2991}},"76":{"start":{"line":9,"column":2814},"end":{"line":9,"column":2839}},"77":{"start":{"line":9,"column":2844},"end":{"line":9,"column":2991}},"78":{"start":{"line":9,"column":2872},"end":{"line":9,"column":2904}},"79":{"start":{"line":9,"column":2885},"end":{"line":9,"column":2904}},"80":{"start":{"line":9,"column":2905},"end":{"line":9,"column":2932}},"81":{"start":{"line":9,"column":2940},"end":{"line":9,"column":2991}},"82":{"start":{"line":9,"column":2992},"end":{"line":9,"column":2998}},"83":{"start":{"line":9,"column":3007},"end":{"line":9,"column":3024}},"84":{"start":{"line":9,"column":3026},"end":{"line":9,"column":3140}},"85":{"start":{"line":9,"column":3053},"end":{"line":9,"column":3099}},"86":{"start":{"line":9,"column":3090},"end":{"line":9,"column":3099}},"87":{"start":{"line":9,"column":3100},"end":{"line":9,"column":3138}},"88":{"start":{"line":9,"column":3141},"end":{"line":9,"column":3206}},"89":{"start":{"line":9,"column":3259},"end":{"line":9,"column":3267}},"90":{"start":{"line":9,"column":3273},"end":{"line":9,"column":3286}},"91":{"start":{"line":9,"column":3288},"end":{"line":9,"column":3572}},"92":{"start":{"line":9,"column":3301},"end":{"line":9,"column":3572}},"93":{"start":{"line":9,"column":3581},"end":{"line":9,"column":3611}},"94":{"start":{"line":9,"column":3613},"end":{"line":9,"column":3700}},"95":{"start":{"line":9,"column":3637},"end":{"line":9,"column":3700}},"96":{"start":{"line":9,"column":3709},"end":{"line":9,"column":3714}},"97":{"start":{"line":9,"column":3716},"end":{"line":9,"column":3971}},"98":{"start":{"line":9,"column":4009},"end":{"line":9,"column":4025}},"99":{"start":{"line":9,"column":4027},"end":{"line":9,"column":4134}},"100":{"start":{"line":9,"column":4173},"end":{"line":9,"column":4191}},"101":{"start":{"line":9,"column":4193},"end":{"line":9,"column":4243}},"102":{"start":{"line":9,"column":4268},"end":{"line":9,"column":4354}},"103":{"start":{"line":9,"column":4378},"end":{"line":9,"column":4699}},"104":{"start":{"line":9,"column":4407},"end":{"line":9,"column":4411}},"105":{"start":{"line":9,"column":4413},"end":{"line":9,"column":4437}},"106":{"start":{"line":9,"column":4420},"end":{"line":9,"column":4437}},"107":{"start":{"line":9,"column":4438},"end":{"line":9,"column":4480}},"108":{"start":{"line":9,"column":4471},"end":{"line":9,"column":4480}},"109":{"start":{"line":9,"column":4481},"end":{"line":9,"column":4697}},"110":{"start":{"line":9,"column":4513},"end":{"line":9,"column":4515}},"111":{"start":{"line":9,"column":4521},"end":{"line":9,"column":4675}},"112":{"start":{"line":9,"column":4539},"end":{"line":9,"column":4628}},"113":{"start":{"line":9,"column":4563},"end":{"line":9,"column":4628}},"114":{"start":{"line":9,"column":4581},"end":{"line":9,"column":4628}},"115":{"start":{"line":9,"column":4629},"end":{"line":9,"column":4673}},"116":{"start":{"line":9,"column":4677},"end":{"line":9,"column":4695}},"117":{"start":{"line":9,"column":4700},"end":{"line":9,"column":4753}},"118":{"start":{"line":9,"column":4756},"end":{"line":9,"column":9047}},"119":{"start":{"line":9,"column":5132},"end":{"line":9,"column":5171}},"120":{"start":{"line":9,"column":5173},"end":{"line":9,"column":5266}},"121":{"start":{"line":9,"column":5294},"end":{"line":9,"column":5493}},"122":{"start":{"line":9,"column":5522},"end":{"line":9,"column":5544}},"123":{"start":{"line":9,"column":5645},"end":{"line":9,"column":5657}},"124":{"start":{"line":9,"column":5732},"end":{"line":9,"column":5762}},"125":{"start":{"line":9,"column":5771},"end":{"line":9,"column":5809}},"126":{"start":{"line":9,"column":5811},"end":{"line":9,"column":5917}},"127":{"start":{"line":9,"column":5878},"end":{"line":9,"column":5913}},"128":{"start":{"line":9,"column":6001},"end":{"line":9,"column":6013}},"129":{"start":{"line":9,"column":6054},"end":{"line":9,"column":6082}},"130":{"start":{"line":9,"column":6119},"end":{"line":9,"column":6128}},"131":{"start":{"line":9,"column":6134},"end":{"line":9,"column":6136}},"132":{"start":{"line":9,"column":6138},"end":{"line":9,"column":6165}},"133":{"start":{"line":9,"column":6155},"end":{"line":9,"column":6165}},"134":{"start":{"line":9,"column":6166},"end":{"line":9,"column":6331}},"135":{"start":{"line":9,"column":6204},"end":{"line":9,"column":6299}},"136":{"start":{"line":9,"column":6232},"end":{"line":9,"column":6239}},"137":{"start":{"line":9,"column":6241},"end":{"line":9,"column":6297}},"138":{"start":{"line":9,"column":6253},"end":{"line":9,"column":6297}},"139":{"start":{"line":9,"column":6300},"end":{"line":9,"column":6328}},"140":{"start":{"line":9,"column":6425},"end":{"line":9,"column":6704}
[...]
":{"start":{"line":11,"column":8335},"end":{"line":11,"column":8378}},"type":"binary-expr","locations":[{"start":{"line":11,"column":8335},"end":{"line":11,"column":8354}},{"start":{"line":11,"column":8358},"end":{"line":11,"column":8359}},{"start":{"line":11,"column":8364},"end":{"line":11,"column":8377}}],"line":11},"82":{"loc":{"start":{"line":11,"column":8499},"end":{"line":11,"column":8591}},"type":"if","locations":[{"start":{"line":11,"column":8499},"end":{"line":11,"column":8591}},{"start":{},"end":{}}],"line":11},"83":{"loc":{"start":{"line":11,"column":8711},"end":{"line":11,"column":8827}},"type":"if","locations":[{"start":{"line":11,"column":8711},"end":{"line":11,"column":8827}},{"start":{},"end":{}}],"line":11},"84":{"loc":{"start":{"line":11,"column":8755},"end":{"line":11,"column":8815}},"type":"if","locations":[{"start":{"line":11,"column":8755},"end":{"line":11,"column":8815}},{"start":{},"end":{}}],"line":11},"85":{"loc":{"start":{"line":11,"column":8995},"end":{"line":11,"column":9035}},"type":"binary-expr","locations":[{"start":{"line":11,"column":8995},"end":{"line":11,"column":9017}},{"start":{"line":11,"column":9022},"end":{"line":11,"column":9034}}],"line":11},"86":{"loc":{"start":{"line":12,"column":121},"end":{"line":12,"column":166}},"type":"cond-expr","locations":[{"start":{"line":12,"column":130},"end":{"line":12,"column":134}},{"start":{"line":12,"column":137},"end":{"line":12,"column":166}}],"line":12},"87":{"loc":{"start":{"line":19,"column":16},"end":{"line":41,"column":7}},"type":"switch","locations":[{"start":{"line":20,"column":8},"end":{"line":24,"column":60}},{"start":{"line":25,"column":8},"end":{"line":33,"column":16}},{"start":{"line":34,"column":8},"end":{"line":37,"column":44}},{"start":{"line":38,"column":8},"end":{"line":38,"column":16}},{"start":{"line":39,"column":8},"end":{"line":40,"column":33}}],"line":19},"88":{"loc":{"start":{"line":27,"column":10},"end":{"line":31,"column":11}},"type":"if","locations":[{"start":{"line":27,"column":10},"end":{"line":31,"column":11}},{"start":{"line":29,"column":17},"end":{"line":31,"column":11}}],"line":27}},"s":{"0":0,"1":0,"2":0,"3":1,"4":1,"5":1,"6":1,"7":2,"8":1,"9":3,"10":1,"11":1,"12":1,"13":1,"14":0,"15":1,"16":1,"17":1,"18":1,"19":13,"20":1,"21":1,"22":0,"23":0,"24":3,"25":3,"26":3,"27":3,"28":6,"29":6,"30":1,"31":1,"32":1,"33":1,"34":1,"35":1,"36":1,"37":1,"38":1,"39":0,"40":1,"41":1,"42":1,"43":1,"44":2,"45":6,"46":5,"47":0,"48":0,"49":0,"50":0,"51":0,"52":0,"53":0,"54":0,"55":0,"56":0,"57":0,"58":0,"59":0,"60":0,"61":3,"62":3,"63":5,"64":0,"65":5,"66":0,"67":0,"68":0,"69":5,"70":6,"71":6,"72":0,"73":0,"74":0,"75":0,"76":0,"77":6,"78":5,"79":1,"80":1,"81":0,"82":1,"83":0,"84":6,"85":6,"86":6,"87":5,"88":0,"89":5,"90":1,"91":0,"92":0,"93":0,"94":0,"95":0,"96":0,"97":0,"98":0,"99":0,"100":3,"101":3,"102":7,"103":7,"104":3,"105":1,"106":1,"107":1,"108":1,"109":0,"110":0,"111":0,"112":0,"113":0,"114":0,"115":0,"116":0,"117":0,"118":0,"119":0,"120":1,"121":0,"122":0,"123":1,"124":0,"125":0,"126":0,"127":0,"128":0,"129":0,"130":0,"131":0,"132":0,"133":0,"134":0,"135":0,"136":0,"137":0,"138":0,"139":0,"140":0,"141":0,"142":3,"143":0,"144":0,"145":3,"146":3,"147":3,"148":0,"149":3,"150":1,"151":0,"152":1,"153":1,"154":1,"155":1,"156":1,"157":1,"158":1,"159":0,"160":1,"161":1,"162":1,"163":1,"164":0,"165":0,"166":0,"167":0,"168":1,"169":1,"170":1,"171":0,"172":0,"173":0,"174":0,"175":0,"176":0,"177":0,"178":0,"179":0,"180":0,"181":0,"182":0,"183":0,"184":0,"185":0,"186":0,"187":0,"188":0,"189":0,"190":0,"191":0,"192":1,"193":1,"194":1,"195":1,"196":1,"197":1,"198":1,"199":1,"200":1,"201":0,"202":0,"203":5,"204":5,"205":5,"206":0,"207":5,"208":1,"209":3,"210":3,"211":3,"212":3,"213":5,"214":0,"215":3,"216":1,"217":1,"218":1,"219":3,"220":6,"221":8,"222":3,"223":3,"224":3,"225":3,"226":2,"227":2,"228":1,"229":1,"230":2,"231":2,"232":1,"233":1,"234":1,"235":3,"236":1,"237":3},"f":{"0":0,"1":0,"2":0,"3":2,"4":1,"5":3,"6":0,"7":13,"8":0,"9":3,"10":6,"11":0,"12":0,"13":0,"14":0,"15":2,"16":6,"17":5,"18":0,"19":0,"20":0,"21":0,"22":0,"23":0,"24":0,"25":0,"26":0,"27":3,"28":5,"29":0,"30":3,"31":7,"32":3,"33":1,"34":0,"35":0,"36":1,"37":0,"38":0,"39":0,"40":0,"41":0,"42":0,"43":0,"44":0,"45":3,"46":3,"47":1,"48":1,"49":0,"50":0,"51":0,"52":1,"53":0,"54":5,"55":1,"56":3,"57":3,"58":5,"59":0,"60":1,"61":3,"62":6,"63":3},"b":{"0":[0,0],"1":[0,0],"2":[0,0],"3":[0,0,0,0],"4":[1,1],"5":[2,2],"6":[1,0],"7":[1,0],"8":[1,0],"9":[1,0],"10":[1,0],"11":[3,0],"12":[3,3],"13":[3,0],"14":[1,1],"15":[1,1,1,1],"16":[0,0],"17":[0,0],"18":[0,0,0],"19":[0,0],"20":[0,5],"21":[0,5],"22":[0,0],"23":[0,6],"24":[0,0],"25":[0,0],"26":[5,1],"27":[1,0],"28":[0,1],"29":[0,0],"30":[5,1],"31":[0,5],"32":[3,2],"33":[1,1],"34":[0,0],"35":[0,0,0,0,0],"36":[0,0],"37":[0,0],"38":[0,0],"39":[0,0],"40":[3,3],"41":[3,0],"42":[7,6],"43":[1,0],"44":[1,0],"45":[1,0],"46":[0,0],"47":[0,0],"48":[0,0],"49":[0,0],"50":[0,0,0],"51":[0,0],"52":[1,0],"53":[0,0],"54":[0,0],"55":[0,0],"56":[0,0],"57":[0,3],"58":[0,0,0,0],"59":[0,3],"60":[0,1],"61":[1,1],"62":[0,1],"63":[1,0],"64":[0,1],"65":[1,1],"66":[0,0],"67":[0,0],"68":[1,0],"69":[1,0],"70":[0,0],"71":[0,0],"72":[0,0],"73":[0,0,0],"74":[0,0,0,0,0,0],"75":[0,0],"76":[0,0],"77":[0,0],"78":[0,0],"79":[0,0],"80":[0,0],"81":[0,0,0],"82":[0,0],"83":[1,0],"84":[1,0],"85":[0,0],"86":[3,2],"87":[3,2,1,3,3],"88":[1,1]},"inputSourceMap":{"version":3,"names":["_express","_interopRequireDefault","require","_db","e","__esModule","_regeneratorRuntime","t","r","Object","prototype","n","hasOwnProperty","o","defineProperty","value","i","Symbol","a","iterator","c","asyncIterator","u","toStringTag","define","enumerable","configurable","writable","wrap","Generator","create","Context","makeInvokeMethod","tryCatch","type","arg","call","h","l","f","s","y","GeneratorFunction","GeneratorFunctionPrototype","p","d","getPrototypeOf","v","values","g","defineIteratorMethods","forEach","_invoke","AsyncIterator","invoke","_typeof","resolve","__await","then","callInvokeWithMethodAndArg","Error","done","method","delegate","maybeInvokeDelegate","sent","_sent","dispatchException","abrupt","TypeError","resultName","next","nextLoc","pushTryEntry","tryLoc","catchLoc","finallyLoc","afterLoc","tryEntries","push","resetTryEntry","completion","reset","isNaN","length","displayName","isGeneratorFunction","constructor","name","mark","setPrototypeOf","__proto__","awrap","async","Promise","keys","reverse","pop","prev","charAt","slice","stop","rval","handle","complete","finish","_catch","delegateYield","asyncGeneratorStep","_asyncToGenerator","arguments","apply","_next","_throw","app","exports","express","get","_ref","_callee","req","res","username","user","_callee$","_context","params","db","getUserByUsername","json","status","send","t0","_x","_x2"],"sourceRoot":"/Users/john.hancock/Desktop/training/test-driven-development/tdd-server-integration-testing/src/","sources":["server.js"],"sourcesContent":["import express from 'express';\nimport db from './db';\n\n\nconst app = express();\n\napp.get('/users/:username', async (req, res) => {\n  const { username } = req.params;\n  try {\n    const user = await db.getUserByUsername(username);\n    if (user) {\n      res.json(user);\n    } else {\n      res.status(404).send();\n    }\n  } catch (e) {\n    res.status(500).json(e);\n  }\n  \n});\n\nexport { app };"],"mappings":";;;;;;;AAAA,IAAAA,QAAA,GAAAC,sBAAA,CAAAC,OAAA;AACA,IAAAC,GAAA,GAAAF,sBAAA,CAAAC,OAAA;AAAsB,SAAAD,uBAAAG,CAAA,WAAAA,CAAA,IAAAA,CAAA,CAAAC,UAAA,GAAAD,CAAA,gBAAAA,CAAA;AAAA,SAAAE,oBAAA,kBAAtB,qJAAAA,mBAAA,YAAAA,oBAAA,WAAAF,CAAA,SAAAG,CAAA,EAAAH,CAAA,OAAAI,CAAA,GAAAC,MAAA,CAAAC,SAAA,EAAAC,CAAA,GAAAH,CAAA,CAAAI,cAAA,EAAAC,CAAA,GAAAJ,MAAA,CAAAK,cAAA,cAAAP,CAAA,EAAAH,CAAA,EAAAI,CAAA,IAAAD,CAAA,CAAAH,CAAA,IAAAI,CAAA,CAAAO,KAAA,KAAAC,CAAA,wBAAAC,MAAA,GAAAA,MAAA,OAAAC,CAAA,GAAAF,CAAA,CAAAG,QAAA,kBAAAC,CAAA,GAAAJ,CAAA,CAAAK,aAAA,uBAAAC,CAAA,GAAAN,CAAA,CAAAO,WAAA,8BAAAC,OAAAjB,CAAA,EAAAH,CAAA,EAAAI,CAAA,WAAAC,MAAA,CAAAK,cAAA,CAAAP,CAAA,EAAAH,CAAA,IAAAW,KAAA,EAAAP,CAAA,EAAAiB,UAAA,MAAAC,YAAA,MAAAC,QAAA,SAAApB,CAAA,CAAAH,CAAA,WAAAoB,MAAA,mBAAAjB,CAAA,IAAAiB,MAAA,YAAAA,OAAAjB,CAAA,EAAAH,CAAA,EAAAI,CAAA,WAAAD,CAAA,CAAAH,CAAA,IAAAI,CAAA,gBAAAoB,KAAArB,CAAA,EAAAH,CAAA,EAAAI,CAAA,EAAAG,CAAA,QAAAK,CAAA,GAAAZ,CAAA,IAAAA,CAAA,CAAAM,SAAA,YAAAmB,SAAA,GAAAzB,CAAA,GAAAyB,SAAA,EAAAX,CAAA,GAAAT,MAAA,CAAAqB,MAAA,CAAAd,CAAA,CAAAN,SAAA,GAAAU,CAAA,OAAAW,OAAA,CAAApB,CAAA,gBAAAE,CAAA,CAAAK,CAAA,eAAAH,KAAA,EAAAiB,gBAAA,CAAAzB,CAAA,EAAAC,CAAA,EAAAY,CAAA,MAAAF,CAAA,aAAAe,SAAA1B,CAAA,EAAAH,CAAA,EAAAI,CAAA,mBAAA0B,IAAA,YAAAC,GAAA,EAAA5B,CAAA,CAAA6B,IAAA,CAAAhC,CAAA,EAAAI,CAAA,cAAAD,CAAA,aAAA2B,IAAA,WAAAC,GAAA,EAAA5B,CAAA,QAAAH,CAAA,CAAAwB,IAAA,GAAAA,IAAA,MAAAS,CAAA,qBAAAC,CAAA,qBAAAC,CAAA,gBAAAC,CAAA,gBAAAC,CAAA,gBAAAZ,UAAA,cAAAa,kBAAA,cAAAC,2BAAA,SAAAC,CAAA,OAAApB,MAAA,CAAAoB,CAAA,EAAA1B,CAAA,qCAAA2B,CAAA,GAAApC,MAAA,CAAAqC,cAAA,EAAAC,CAAA,GAAAF,CAAA,IAAAA,CAAA,CAAAA,CAAA,CAAAG,MAAA,QAAAD,CAAA,IAAAA,CAAA,KAAAvC,CAAA,IAAAG,CAAA,CAAAyB,IAAA,CAAAW,CAAA,EAAA7B,CAAA,MAAA0B,CAAA,GAAAG,CAAA,OAAAE,CAAA,GAAAN,0BAAA,CAAAjC,SAAA,GAAAmB,SAAA,CAAAnB,SAAA,GAAAD,MAAA,CAAAqB,MAAA,CAAAc,CAAA,YAAAM,sBAAA3C,CAAA,gCAAA4C,OAAA,WAAA/C,CAAA,IAAAoB,MAAA,CAAAjB,CAAA,EAAAH,CAAA,YAAAG,CAAA,gBAAA6C,OAAA,CAAAhD,CAAA,EAAAG,CAAA,sBAAA8C,cAAA9C,CAAA,EAAAH,CAAA,aAAAkD,OAAA9C,CAAA,EAAAK,CAAA,EAAAG,CAAA,EAAAE,CAAA,QAAAE,CAAA,GAAAa,QAAA,CAAA1B,CAAA,CAAAC,CAAA,GAAAD,CAAA,EAAAM,CAAA,mBAAAO,CAAA,CAAAc,IAAA,QAAAZ,CAAA,GAAAF,CAAA,CAAAe,GAAA,EAAAE,CAAA,GAAAf,CAAA,CAAAP,KAAA,SAAAsB,CAAA,gBAAAkB,OAAA,CAAAlB,CAAA,KAAA1B,CAAA,CAAAyB,IAAA,CAAAC,CAAA,eAAAjC,CAAA,CAAAoD,OAAA,CAAAnB,CAAA,CAAAoB,OAAA,EAAAC,IAAA,WAAAnD,CAAA,IAAA+C,MAAA,SAAA/C,CAAA,EAAAS,CAAA,EAAAE,CAAA,gBAAAX,CAAA,IAAA+C,MAAA,UAAA/C,CAAA,EAAAS,CAAA,EAAAE,CAAA,QAAAd,CAAA,CAAAoD,OAAA,CAAAnB,CAAA,EAAAqB,IAAA,WAAAnD,CAAA,IAAAe,CAAA,CAAAP,KAAA,GAAAR,CAAA,EAAAS,CAAA,CAAAM,CAAA,gBAAAf,CAAA,WAAA+C,MAAA,UAAA/C,CAAA,EAAAS,CAAA,EAAAE,CAAA,SAAAA,CAAA,CAAAE,CAAA,CAAAe,GAAA,SAAA3B,CAAA,EAAAK,CAAA,oBAAAE,KAAA,WAAAA,MAAAR,CAAA,EAAAI,CAAA,aAAAgD,2BAAA,eAAAvD,CAAA,WAAAA,CAAA,EAAAI,CAAA,IAAA8C,MAAA,CAAA/C,CAAA,EAAAI,CAAA,EAAAP,CAAA,EAAAI,CAAA,gBAAAA,CAAA,GAAAA,CAAA,GAAAA,CAAA,CAAAkD,IAAA,CAAAC,0BAAA,EAAAA,0BAAA,IAAAA,0BAAA,qBAAA3B,iBAAA5B,CAAA,EAAAI,CAAA,EAAAG,CAAA,QAAAE,CAAA,GAAAwB,CAAA,mBAAArB,CAAA,EAAAE,CAAA,QAAAL,CAAA,KAAA0B,CAAA,QAAAqB,KAAA,sCAAA/C,CAAA,KAAA2B,CAAA,oBAAAxB,CAAA,QAAAE,CAAA,WAAAH,KAAA,EAAAR,CAAA,EAAAsD,IAAA,eAAAlD,CAAA,CAAAmD,MAAA,GAAA9C,CAAA,EAAAL,CAAA,CAAAwB,GAAA,GAAAjB,CAAA,UAAAE,CAAA,GAAAT,CAAA,CAAAoD,QAAA,MAAA3C,CAAA,QAAAE,CAAA,GAAA0C,mBAAA,CAAA5C,CAAA,EAAAT,CAAA,OAAAW,CAAA,QAAAA,CAAA,KAAAmB,CAAA,mBAAAnB,CAAA,qBAAAX,CAAA,CAAAmD,MAAA,EAAAnD,CAAA,CAAAsD,IAAA,GAAAtD,CAAA,CAAAuD,KAAA,GAAAvD,CAAA,CAAAwB,GAAA,sBAAAxB,CAAA,CAAAmD,MAAA,QAAAjD,CAAA,KAAAwB,CAAA,QAAAxB,CAAA,GAAA2B,CAAA,EAAA7B,CAAA,CAAAwB,GAAA,EAAAxB,CAAA,CAAAwD,iBAAA,CAAAxD,CAAA,CAAAwB,GAAA,uBAAAxB,CAAA,CAAAmD,MAAA,IAAAnD,CAAA,CAAAyD,MAAA,WAAAzD,CAAA,CAAAwB,GAAA,GAAAtB,CAAA,GAAA0B,CAAA,MAAAK,CAAA,GAAAX,QAAA,CAAA7B,CAAA,EAAAI,CAAA,EAAAG,CAAA,oBAAAiC,CAAA,CAAAV,IAAA,QAAArB,CAAA,GAAAF,CAAA,CAAAkD,IAAA,GAAArB,CAAA,GAAAF,CAAA,EAAAM,CAAA,CAAAT,GAAA,KAAAM,CAAA,qBAAA1B,KAAA,EAAA6B,CAAA,CAAAT,GAAA,EAAA0B,IAAA,EAAAlD,CAAA,CAAAkD,IAAA,kBAAAjB,CAAA,CAAAV,IAAA,KAAArB,CAAA,GAAA2B,CAAA,EAAA7B,CAAA,CAAAmD,MAAA,YAAAnD,CAAA,CAAAwB,GAAA,GAAAS,CAAA,CAAAT,GAAA,mBAAA6B,oBAAA5D,CAAA,EAAAI,CAAA,QAAAG,CAAA,GAAAH,CAAA,CAAAsD,MAAA,EAAAjD,CAAA,GAAAT,CAAA,CAAAe,QAAA,CAAAR,CAAA,OAAAE,CAAA,KAAAN,CAAA,SAAAC,CAAA,CAAAuD,QAAA,qBAAApD,CAAA,IAAAP,CAAA,CAAAe,QAAA,eAAAX,CAAA,CAAAsD,MAAA,aAAAtD,CAAA,CAAA2B,GAAA,GAAA5B,CAAA,EAAAyD,mBAAA,CAAA5D,CAAA,EAAAI,CAAA,eAAAA,CAAA,CAAAsD,MAAA,kBAAAnD,CAAA,KAAAH,CAAA,CAAAsD,MAAA,YAAAtD,CAAA,CAAA2B,GAAA,OAAAkC,SAAA,uCAAA1D,CAAA,iBAAA8B,CAAA,MAAAzB,CAAA,GAAAiB,QAAA,CAAApB,CAAA,EAAAT,CAAA,CAAAe,QAAA,EAAAX,CAAA,CAAA2B,GAAA,mBAAAnB,CAAA,CAAAkB,IAAA,SAAA1B,CAAA,CAAAsD,MAAA,YAAAtD,CAAA,CAAA2B,GAAA,GAAAnB,CAAA,CAAAmB,GAAA,EAAA3B,CAAA,CAAAuD,QAAA,SAAAtB,CAAA,MAAAvB,CAAA,GAAAF,CAAA,CAAAmB,GAAA,SAAAjB,CAAA,GAAAA,CAAA,CAAA2C,IAAA,IAAArD,CAAA,CAAAJ,CAAA,CAAAkE,UAAA,IAAApD,CAAA,CAAAH,KAAA,EAAAP,CAAA,CAAA+D,IAAA,GAAAnE,CAAA,CAAAoE,OAAA,eAAAhE,CAAA,CAAAsD,MAAA,KAAAtD,CAAA,CAAAsD,MAAA,WAAAtD,CAAA,CAAA2B,GAAA,GAAA5B,CAAA,GAAAC,CAAA,CAAAuD,QAAA,SAAAtB,CAAA,IAAAvB,CAAA,IAAAV,CAAA,CAAAsD,MAAA,YAAAtD,CAAA,CAAA2B,GAAA,OAAAkC,SAAA,sCAAA7D,CAAA,CAAAuD,QAAA,SAAAtB,CAAA,cAAAgC,aAAAlE,CAAA,QAAAH,CAAA,KAAAsE,MAAA,EAAAnE,CAAA,YAAAA,CAAA,KAAAH,CAAA,CAAAuE,QAAA,GAAApE,CAAA,WAAAA,CAAA,KAAAH,CAAA,CAAAwE,UAAA,GAAArE,CAAA,KAAAH,CAAA,CAAAyE,QAAA,GAAAtE,CAAA,WAAAuE,UAAA,CAAAC,IAAA,CAAA3E,CAAA,cAAA4E,cAAAzE,CAAA,QAAAH,CAAA,GAAAG,CAAA,CAAA0E,UAAA,QAAA7E,CAAA,CAAA8B,IAAA,oBAAA9B,CAAA,CAAA+B,GAAA,EAAA5B,CAAA,CAAA0E,UAAA,GAAA7E,CAAA,aAAA2B,QAAAxB,CAAA,SAAAuE,UAAA,MAAAJ,MAAA,aAAAnE,CAAA,CAAA4C,OAAA,CAAAsB,YAAA,cAAAS,KAAA,iBAAAlC,OAAA5C,CAAA,QAAAA,CAAA,WAAAA,CAAA,QAAAI,CAAA,GAAAJ,CAAA,CAAAc,CAAA,OAAAV,CAAA,SAAAA,CAAA,CAAA4B,IAAA,CAAAhC,CAAA,4BAAAA,CAAA,CAAAmE,IAAA,SAAAnE,CAAA,OAAA+E,KAAA,CAAA/E,CAAA,CAAAgF,MAAA,SAAAvE,CAAA,OAAAG,CAAA,YAAAuD,KAAA,aAAA1D,CAAA,GAAAT,CAAA,CAAAgF,MAAA,OAAAzE,CAAA,CAAAyB,IAAA,CAAAhC,CAAA,EAAAS,CAAA,UAAA0D,IAAA,CAAAxD,KAAA,GAAAX,CAAA,CAAAS,CAAA,GAAA0D,IAAA,CAAAV,IAAA,OAAAU,IAAA,SAAAA,IAAA,CAAAxD,KAAA,GAAAR,CAAA,EAAAgE,IAAA,CAAAV,IAAA,OAAAU,IAAA,YAAAvD,CAAA,CAAAuD,IAAA,GAAAvD,CAAA,gBAAAqD,SAAA,CAAAd,OAAA,CAAAnD,CAAA,kCAAAsC,iBAAA,CAAAhC,SAAA,GAAAiC,0BAAA,EAAA9B,CAAA,CAAAoC,CAAA,mBAAAlC,KAAA,EAAA4B,0BAAA,EAAAjB,YAAA,SAAAb,CAAA,CAAA8B,0BAAA,mBAAA5B,KAAA,EAAA2B,iBAAA,EAAAhB,YAAA,SAAAgB,iBAAA,CAAA2C,WAAA,GAAA7D,MAAA,CAAAmB,0BAAA,EAAArB,CAAA,wBAAAlB,CAAA,CAAAkF,mBAAA,aAAA/E,CAAA,QAAAH,CAAA,wBAAAG,CAAA,IAAAA,CAAA,CAAAgF,WAAA,WAAAnF,CAAA,KAAAA,CAAA,KAAAsC,iBAAA,6BAAAtC,CAAA,CAAAiF,WAAA,IAAAjF,CAAA,CAAAoF,IAAA,OAAApF,CAAA,CAAAqF,IAAA,aAAAlF,CAAA,WAAAE,MAAA,CAAAiF,cAAA,GAAAjF,MAAA,CAAAiF,cAAA,CAAAnF,CAAA,EAAAoC,0BAAA,KAAApC,CAAA,CAAAoF,SAAA,GAAAhD,0BAAA,EAAAnB,MAAA,CAAAjB,CAAA,EAAAe,CAAA,yBAAAf,CAAA,CAAAG,SAAA,GAAAD,MAAA,CAAAqB,MAAA,CAAAmB,CAAA,GAAA1C,CAAA,KAAAH,CAAA,CAAAwF,KAAA,aAAArF,CAAA,aAAAkD,OAAA,EAAAlD,CAAA,OAAA2C,qBAAA,CAAAG,aAAA,CAAA3C,SAAA,GAAAc,MAAA,CAAA6B,aAAA,CAAA3C,SAAA,EAAAU,CAAA,iCAAAhB,CAAA,CAAAiD,aAAA,GAAAA,aAAA,EAAAjD,CAAA,CAAAyF,KAAA,aAAAtF,CAAA,EAAAC,CAAA,EAAAG,CAAA,EAAAE,CAAA,EAAAG,CAAA,eAAAA,CAAA,KAAAA,CAAA,GAAA8E,OAAA,OAAA5E,CAAA,OAAAmC,aAAA,CAAAzB,IAAA,CAAArB,CAAA,EAAAC,CAAA,EAAAG,CAAA,EAAAE,CAAA,GAAAG,CAAA,UAAAZ,CAAA,CAAAkF,mBAAA,CAAA9E,CAAA,IAAAU,CAAA,GAAAA,CAAA,CAAAqD,IAAA,GAAAb,IAAA,WAAAnD,CAAA,WAAAA,CAAA,CAAAsD,IAAA,GAAAtD,CAAA,CAAAQ,KAAA,GAAAG,CAAA,CAAAqD,IAAA,WAAArB,qBAAA,CAAAD,CAAA,GAAAzB,MAAA,CAAAyB,CAAA,EAAA3B,CAAA,gBAAAE,MAAA,CAAAyB,CAAA,EAAA/B,CAAA,iCAAAM,MAAA,CAAAyB,CAAA,6DAAA7C,CAAA,CAAA2F,IAAA,aAAAxF,CAAA,QAAAH,CAAA,GAAAK,MAAA,CAAAF,CAAA,GAAAC,CAAA,gBAAAG,CAAA,IAAAP,CAAA,EAAAI,CAAA,CAAAuE,IAAA,CAAApE,CAAA,UAAAH,CAAA,CAAAwF,OAAA,aAAAzB,KAAA,WAAA/D,CAAA,CAAA4E,MAAA,SAAA7E,CAAA,GAAAC,CAAA,CAAAyF,GAAA,QAAA1F,CAAA,IAAAH,CAAA,SAAAmE,IAAA,CAAAxD,KAAA,GAAAR,CAAA,EAAAgE,IAAA,CAAAV,IAAA,OAAAU,IAAA,WAAAA,IAAA,CAAAV,IAAA,OAAAU,IAAA,QAAAnE,CAAA,CAAA4C,MAAA,GAAAA,MAAA,EAAAjB,OAAA,CAAArB,SAAA,KAAA6E,WAAA,EAAAxD,OAAA,EAAAmD,KAAA,WAAAA,MAAA9E,CAAA,aAAA8F,IAAA,WAAA3B,IAAA,WAAAN,IAAA,QAAAC,KAAA,GAAA3D,CAAA,OAAAsD,IAAA,YAAAE,QAAA,cAAAD,MAAA,gBAAA3B,GAAA,GAAA5B,CAAA,OAAAuE,UAAA,CAAA3B,OAAA,CAAA6B,aAAA,IAAA5E,CAAA,WAAAI,CAAA,kBAAAA,CAAA,CAAA2F,MAAA,OAAAxF,CAAA,CAAAyB,IAAA,OAAA5B,CAAA,MAAA2E,KAAA,EAAA3E,CAAA,CAAA4F,KAAA,cAAA5F,CAAA,IAAAD,CAAA,MAAA8F,IAAA,WAAAA,KAAA,SAAAxC,IAAA,WAAAtD,CAAA,QAAAuE,UAAA,IAAAG,UAAA,kBAAA1E,CAAA,CAAA2B,IAAA,QAAA3B,CAAA,CAAA4B,GAAA,cAAAmE,IAAA,KAAAnC,iBAAA,WAAAA,kBAAA/D,CAAA,aAAAyD,IAAA,QAAAzD,CAAA,MAAAI,CAAA,kBAAA+F,OAAA5F,CAAA,EAAAE,CAAA,WAAAK,CAAA,CAAAgB,IAAA,YAAAhB,CAAA,CAAAiB,GAAA,GAAA/B,CAAA,EAAAI,CAAA,CAAA+D,IAAA,GAAA5D,CAAA,EAAAE,CAAA,KAAAL,CAAA,CAAAsD,MAAA,WAAAtD,CAAA,CAAA2B,GAAA,GAAA5B,CAAA,KAAAM,CAAA,aAAAA,CAAA,QAAAiE,UAAA,CAAAM,MAAA,MAAAvE,CAAA,SAAAA,CAAA,QAAAG,CAAA,QAAA8D,UAAA,CAAAjE,CAAA,GAAAK,CAAA,GAAAF,CAAA,CAAAiE,UAAA,iBAAAjE,CAAA,CAAA0D,MAAA,SAAA6B,MAAA,aAAAvF,CAAA,CAAA0D,MAAA,SAAAwB,IAAA,QAAA9E,CAAA,GAAAT,CAAA,CAAAyB,IAAA,CAAApB,CAAA,eAAAM,CAAA,GAAAX,CAAA,CAAAyB,IAAA,CAAApB,CAAA,qBAAAI,CAAA,IAAAE,CAAA,aAAA4E,IAAA,GAAAlF,CAAA,CAAA2D,QAAA,SAAA4B,MAAA,CAAAvF,CAAA,CAAA2D,QAAA,gBAAAuB,IAAA,GAAAlF,CAAA,CAAA4D,UAAA,SAAA2B,MAAA,CAAAvF,CAAA,CAAA4D,UAAA,cAAAxD,CAAA,aAAA8E,IAAA,GAAAlF,CAAA,CAAA2D,QAAA,SAAA4B,MAAA,CAAAvF,CAAA,CAAA2D,QAAA,qBAAArD,CAAA,QAAAsC,KAAA,qDAAAsC,IAAA,GAAAlF,CAAA,CAAA4D,UAAA,SAAA2B,MAAA,CAAAvF,CAAA,CAAA4D,UAAA,YAAAR,MAAA,WAAAA,OAAA7D,CAAA,EAAAH,CAAA,aAAAI,CAAA,QAAAsE,UAAA,CAAAM,MAAA,MAAA5E,CAAA,SAAAA,CAAA,QAAAK,CAAA,QAAAiE,UAAA,CAAAtE,CAAA,OAAAK,CAAA,CAAA6D,MAAA,SAAAwB,IAAA,IAAAvF,CAAA,CAAAyB,IAAA,CAAAvB,CAAA,wBAAAqF,IAAA,GAAArF,CAAA,CAAA+D,UAAA,QAAA5D,CAAA,GAAAH,CAAA,aAAAG,CAAA,iBAAAT,CAAA,mBAAAA,CAAA,KAAAS,CAAA,CAAA0D,MAAA,IAAAtE,CAAA,IAAAA,CAAA,IAAAY,CAAA,CAAA4D,UAAA,KAAA5D,CAAA,cAAAE,CAAA,GAAAF,CAAA,GAAAA,CAAA,CAAAiE,UAAA,cAAA/D,CAAA,CAAAgB,IAAA,GAAA3B,CAAA,EAAAW,CAAA,CAAAiB,GAAA,GAAA/B,CAAA,EAAAY,CAAA,SAAA8C,MAAA,gBAAAS,IAAA,GAAAvD,CAAA,CAAA4D,UAAA,EAAAnC,CAAA,SAAA+D,QAAA,CAAAtF,CAAA,MAAAsF,QAAA,WAAAA,SAAAjG,CAAA,EAAAH,CAAA,oBAAAG,CAAA,CAAA2B,IAAA,QAAA3B,CAAA,CAAA4B,GAAA,qBAAA5B,CAAA,CAAA2B,IAAA,mBAAA3B,CAAA,CAAA2B,IAAA,QAAAqC,IAAA,GAAAhE,CAAA,CAAA4B,GAAA,gBAAA5B,CAAA,CAAA2B,IAAA,SAAAoE,IAAA,QAAAnE,GAAA,GAAA5B,CAAA,CAAA4B,GAAA,OAAA2B,MAAA,kBAAAS,IAAA,yBAAAhE,CAAA,CAAA2B,IAAA,IAAA9B,CAAA,UAAAmE,IAAA,GAAAnE,CAAA,GAAAqC,CAAA,KAAAgE,MAAA,WAAAA,OAAAlG,CAAA,aAAAH,CAAA,QAAA0E,UAAA,CAAAM,MAAA,MAAAhF,CAAA,SAAAA,CAAA,QAAAI,CAAA,QAAAsE,UAAA,CAAA1E,CAAA,OAAAI,CAAA,CAAAoE,UAAA,KAAArE,CAAA,cAAAiG,QAAA,CAAAhG,CAAA,CAAAyE,UAAA,EAAAzE,CAAA,CAAAqE,QAAA,GAAAG,aAAA,CAAAxE,CAAA,GAAAiC,CAAA,yBAAAiE,OAAAnG,CAAA,aAAAH,CAAA,QAAA0E,UAAA,CAAAM,MAAA,MAAAhF,CAAA,SAAAA,CAAA,QAAAI,CAAA,QAAAsE,UAAA,CAAA1E,CAAA,OAAAI,CAAA,CAAAkE,MAAA,KAAAnE,CAAA,QAAAI,CAAA,GAAAH,CAAA,CAAAyE,UAAA,kBAAAtE,CAAA,CAAAuB,IAAA,QAAArB,CAAA,GAAAF,CAAA,CAAAwB,GAAA,EAAA6C,aAAA,CAAAxE,CAAA,YAAAK,CAAA,YAAA+C,KAAA,8BAAA+C,aAAA,WAAAA,cAAAvG,CAAA,EAAAI,CAAA,EAAAG,CAAA,gBAAAoD,QAAA,KAAA5C,QAAA,EAAA6B,MAAA,CAAA5C,CAAA,GAAAkE,UAAA,EAAA9D,CAAA,EAAAgE,OAAA,EAAA7D,CAAA,oBAAAmD,MAAA,UAAA3B,GAAA,GAAA5B,CAAA,GAAAkC,CAAA,OAAArC,CAAA;AAAA,SAAAwG,mBAAAjG,CAAA,EAAAJ,CAAA,EAAAH,CAAA,EAAAI,CAAA,EAAAK,CAAA,EAAAK,CAAA,EAAAE,CAAA,cAAAJ,CAAA,GAAAL,CAAA,CAAAO,CAAA,EAAAE,CAAA,GAAAE,CAAA,GAAAN,CAAA,CAAAD,KAAA,WAAAJ,CAAA,gBAAAP,CAAA,CAAAO,CAAA,KAAAK,CAAA,CAAA6C,IAAA,GAAAtD,CAAA,CAAAe,CAAA,IAAAwE,OAAA,CAAAtC,OAAA,CAAAlC,CAAA,EAAAoC,IAAA,CAAAlD,CAAA,EAAAK,CAAA;AAAA,SAAAgG,kBAAAlG,CAAA,6BAAAJ,CAAA,SAAAH,CAAA,GAAA0G,SAAA,aAAAhB,OAAA,WAAAtF,CAAA,EAAAK,CAAA,QAAAK,CAAA,GAAAP,CAAA,CAAAoG,KAAA,CAAAxG,CAAA,EAAAH,CAAA,YAAA4G,MAAArG,CAAA,IAAAiG,kBAAA,CAAA1F,CAAA,EAAAV,CAAA,EAAAK,CAAA,EAAAmG,KAAA,EAAAC,MAAA,UAAAtG,CAAA,cAAAsG,OAAAtG,CAAA,IAAAiG,kBAAA,CAAA1F,CAAA,EAAAV,CAAA,EAAAK,CAAA,EAAAmG,KAAA,EAAAC,MAAA,WAAAtG,CAAA,KAAAqG,KAAA;AAGA,IAAME,GAAG,GAAAC,OAAA,CAAAD,GAAA,GAAG,IAAAE,mBAAO,EAAC,CAAC;AAErBF,GAAG,CAACG,GAAG,CAAC,kBAAkB;EAAA,IAAAC,IAAA,GAAAT,iBAAA,cAAAvG,mBAAA,GAAAmF,IAAA,CAAE,SAAA8B,QAAOC,GAAG,EAAEC,GAAG;IAAA,IAAAC,QAAA,EAAAC,IAAA;IAAA,OAAArH,mBAAA,GAAAsB,IAAA,UAAAgG,SAAAC,QAAA;MAAA,kBAAAA,QAAA,CAAA3B,IAAA,GAAA2B,QAAA,CAAAtD,IAAA;QAAA;UACjCmD,QAAQ,GAAKF,GAAG,CAACM,MAAM,CAAvBJ,QAAQ;UAAAG,QAAA,CAAA3B,IAAA;UAAA2B,QAAA,CAAAtD,IAAA;UAAA,OAEKwD,cAAE,CAACC,iBAAiB,CAACN,QAAQ,CAAC;QAAA;UAA3CC,IAAI,GAAAE,QAAA,CAAA5D,IAAA;UACV,IAAI0D,IAAI,EAAE;YACRF,GAAG,CAACQ,IAAI,CAACN,IAAI,CAAC;UAChB,CAAC,MAAM;YACLF,GAAG,CAACS,MAAM,CAAC,GAAG,CAAC,CAACC,IAAI,CAAC,CAAC;UACxB;UAACN,QAAA,CAAAtD,IAAA;UAAA;QAAA;UAAAsD,QAAA,CAAA3B,IAAA;UAAA2B,QAAA,CAAAO,EAAA,GAAAP,QAAA;UAEDJ,GAAG,CAACS,MAAM,CAAC,GAAG,CAAC,CAACD,IAAI,CAAAJ,QAAA,CAAAO,EAAE,CAAC;QAAC;QAAA;UAAA,OAAAP,QAAA,CAAAxB,IAAA;MAAA;IAAA,GAAAkB,OAAA;EAAA,CAG3B;EAAA,iBAAAc,EAAA,EAAAC,GAAA;IAAA,OAAAhB,IAAA,CAAAP,KAAA,OAAAD,SAAA;EAAA;AAAA,IAAC","ignoreList":[]},"_coverageSchema":"1a1c01bbd47fc00a2c39e90264f33305004495a9","hash":"02117a8721ff7c56cc92bc024ccab0a830a9aeca","contentHash":"ec616b26f21162bf073f2cc468b27bb832012eab5056c0fbd08398a34a23e809"}}